Analysis & Synthesis report for bus_compare_to_register
Mon Jun 01 18:57:09 2020
Quartus II 64-Bit Version 13.1.0 Build 162 10/23/2013 SJ Web Edition


---------------------
; Table of Contents ;
---------------------
  1. Legal Notice
  2. Analysis & Synthesis Summary
  3. Analysis & Synthesis Settings
  4. Parallel Compilation
  5. Analysis & Synthesis Source Files Read
  6. Analysis & Synthesis Resource Usage Summary
  7. Analysis & Synthesis Resource Utilization by Entity
  8. Analysis & Synthesis RAM Summary
  9. Registers Removed During Synthesis
 10. General Register Statistics
 11. Registers Packed Into Inferred Megafunctions
 12. Source assignments for Block1:inst1|generate_0_to_7:inst|altsyncram:Mux7_rtl_0|altsyncram_c491:auto_generated
 13. Parameter Settings for Inferred Entity Instance: Block1:inst1|generate_0_to_7:inst|altsyncram:Mux7_rtl_0
 14. altsyncram Parameter Settings by Entity Instance
 15. Elapsed Time Per Partition
 16. Analysis & Synthesis Messages



----------------
; Legal Notice ;
----------------
Copyright (C) 1991-2013 Altera Corporation
Your use of Altera Corporation's design tools, logic functions 
and other software and tools, and its AMPP partner logic 
functions, and any output files from any of the foregoing 
(including device programming or simulation files), and any 
associated documentation or information are expressly subject 
to the terms and conditions of the Altera Program License 
Subscription Agreement, Altera MegaCore Function License 
Agreement, or other applicable license agreement, including, 
without limitation, that your use is for the sole purpose of 
programming logic devices manufactured by Altera and sold by 
Altera or its authorized distributors.  Please refer to the 
applicable agreement for further details.



+------------------------------------------------------------------------------+
; Analysis & Synthesis Summary                                                 ;
+---------------------------------+--------------------------------------------+
; Analysis & Synthesis Status     ; Successful - Mon Jun 01 18:57:09 2020      ;
; Quartus II 64-Bit Version       ; 13.1.0 Build 162 10/23/2013 SJ Web Edition ;
; Revision Name                   ; bus_compare_to_register                    ;
; Top-level Entity Name           ; bus_compare_to_register                    ;
; Family                          ; Cyclone V                                  ;
; Logic utilization (in ALMs)     ; N/A                                        ;
; Total registers                 ; 7                                          ;
; Total pins                      ; 66                                         ;
; Total virtual pins              ; 0                                          ;
; Total block memory bits         ; 256                                        ;
; Total DSP Blocks                ; 0                                          ;
; Total HSSI RX PCSs              ; 0                                          ;
; Total HSSI PMA RX Deserializers ; 0                                          ;
; Total HSSI TX PCSs              ; 0                                          ;
; Total HSSI TX Channels          ; 0                                          ;
; Total PLLs                      ; 0                                          ;
; Total DLLs                      ; 0                                          ;
+---------------------------------+--------------------------------------------+


+-------------------------------------------------------------------------------------------------------------------------------------+
; Analysis & Synthesis Settings                                                                                                       ;
+---------------------------------------------------------------------------------+-------------------------+-------------------------+
; Option                                                                          ; Setting                 ; Default Value           ;
+---------------------------------------------------------------------------------+-------------------------+-------------------------+
; Device                                                                          ; 5CGXFC7C7F23C8          ;                         ;
; Top-level entity name                                                           ; bus_compare_to_register ; bus_compare_to_register ;
; Family name                                                                     ; Cyclone V               ; Cyclone IV GX           ;
; Use smart compilation                                                           ; Off                     ; Off                     ;
; Enable parallel Assembler and TimeQuest Timing Analyzer during compilation      ; On                      ; On                      ;
; Enable compact report table                                                     ; Off                     ; Off                     ;
; Restructure Multiplexers                                                        ; Auto                    ; Auto                    ;
; MLAB Add Timing Constraints For Mixed-Port Feed-Through Mode Setting Don't Care ; Off                     ; Off                     ;
; Create Debugging Nodes for IP Cores                                             ; Off                     ; Off                     ;
; Preserve fewer node names                                                       ; On                      ; On                      ;
; Disable OpenCore Plus hardware evaluation                                       ; Off                     ; Off                     ;
; Verilog Version                                                                 ; Verilog_2001            ; Verilog_2001            ;
; VHDL Version                                                                    ; VHDL_1993               ; VHDL_1993               ;
; State Machine Processing                                                        ; Auto                    ; Auto                    ;
; Safe State Machine                                                              ; Off                     ; Off                     ;
; Extract Verilog State Machines                                                  ; On                      ; On                      ;
; Extract VHDL State Machines                                                     ; On                      ; On                      ;
; Ignore Verilog initial constructs                                               ; Off                     ; Off                     ;
; Iteration limit for constant Verilog loops                                      ; 5000                    ; 5000                    ;
; Iteration limit for non-constant Verilog loops                                  ; 250                     ; 250                     ;
; Add Pass-Through Logic to Inferred RAMs                                         ; On                      ; On                      ;
; Infer RAMs from Raw Logic                                                       ; On                      ; On                      ;
; Parallel Synthesis                                                              ; On                      ; On                      ;
; DSP Block Balancing                                                             ; Auto                    ; Auto                    ;
; NOT Gate Push-Back                                                              ; On                      ; On                      ;
; Power-Up Don't Care                                                             ; On                      ; On                      ;
; Remove Redundant Logic Cells                                                    ; Off                     ; Off                     ;
; Remove Duplicate Registers                                                      ; On                      ; On                      ;
; Ignore CARRY Buffers                                                            ; Off                     ; Off                     ;
; Ignore CASCADE Buffers                                                          ; Off                     ; Off                     ;
; Ignore GLOBAL Buffers                                                           ; Off                     ; Off                     ;
; Ignore ROW GLOBAL Buffers                                                       ; Off                     ; Off                     ;
; Ignore LCELL Buffers                                                            ; Off                     ; Off                     ;
; Ignore SOFT Buffers                                                             ; On                      ; On                      ;
; Limit AHDL Integers to 32 Bits                                                  ; Off                     ; Off                     ;
; Optimization Technique                                                          ; Balanced                ; Balanced                ;
; Carry Chain Length                                                              ; 70                      ; 70                      ;
; Auto Carry Chains                                                               ; On                      ; On                      ;
; Auto Open-Drain Pins                                                            ; On                      ; On                      ;
; Perform WYSIWYG Primitive Resynthesis                                           ; Off                     ; Off                     ;
; Auto ROM Replacement                                                            ; On                      ; On                      ;
; Auto RAM Replacement                                                            ; On                      ; On                      ;
; Auto DSP Block Replacement                                                      ; On                      ; On                      ;
; Auto Shift Register Replacement                                                 ; Auto                    ; Auto                    ;
; Allow Shift Register Merging across Hierarchies                                 ; Auto                    ; Auto                    ;
; Auto Clock Enable Replacement                                                   ; On                      ; On                      ;
; Strict RAM Replacement                                                          ; Off                     ; Off                     ;
; Allow Synchronous Control Signals                                               ; On                      ; On                      ;
; Force Use of Synchronous Clear Signals                                          ; Off                     ; Off                     ;
; Auto Resource Sharing                                                           ; Off                     ; Off                     ;
; Allow Any RAM Size For Recognition                                              ; Off                     ; Off                     ;
; Allow Any ROM Size For Recognition                                              ; Off                     ; Off                     ;
; Allow Any Shift Register Size For Recognition                                   ; Off                     ; Off                     ;
; Use LogicLock Constraints during Resource Balancing                             ; On                      ; On                      ;
; Ignore translate_off and synthesis_off directives                               ; Off                     ; Off                     ;
; Timing-Driven Synthesis                                                         ; On                      ; On                      ;
; Report Parameter Settings                                                       ; On                      ; On                      ;
; Report Source Assignments                                                       ; On                      ; On                      ;
; Report Connectivity Checks                                                      ; On                      ; On                      ;
; Ignore Maximum Fan-Out Assignments                                              ; Off                     ; Off                     ;
; Synchronization Register Chain Length                                           ; 3                       ; 3                       ;
; PowerPlay Power Optimization                                                    ; Normal compilation      ; Normal compilation      ;
; HDL message level                                                               ; Level2                  ; Level2                  ;
; Suppress Register Optimization Related Messages                                 ; Off                     ; Off                     ;
; Number of Removed Registers Reported in Synthesis Report                        ; 5000                    ; 5000                    ;
; Number of Swept Nodes Reported in Synthesis Report                              ; 5000                    ; 5000                    ;
; Number of Inverted Registers Reported in Synthesis Report                       ; 100                     ; 100                     ;
; Clock MUX Protection                                                            ; On                      ; On                      ;
; Auto Gated Clock Conversion                                                     ; Off                     ; Off                     ;
; Block Design Naming                                                             ; Auto                    ; Auto                    ;
; SDC constraint protection                                                       ; Off                     ; Off                     ;
; Synthesis Effort                                                                ; Auto                    ; Auto                    ;
; Shift Register Replacement - Allow Asynchronous Clear Signal                    ; On                      ; On                      ;
; Pre-Mapping Resynthesis Optimization                                            ; Off                     ; Off                     ;
; Analysis & Synthesis Message Level                                              ; Medium                  ; Medium                  ;
; Disable Register Merging Across Hierarchies                                     ; Auto                    ; Auto                    ;
; Resource Aware Inference For Block RAM                                          ; On                      ; On                      ;
; Synthesis Seed                                                                  ; 1                       ; 1                       ;
; Automatic Parallel Synthesis                                                    ; On                      ; On                      ;
+---------------------------------------------------------------------------------+-------------------------+-------------------------+


+------------------------------------------+
; Parallel Compilation                     ;
+----------------------------+-------------+
; Processors                 ; Number      ;
+----------------------------+-------------+
; Number detected on machine ; 4           ;
; Maximum allowed            ; 4           ;
;                            ;             ;
; Average used               ; 1.00        ;
; Maximum used               ; 1           ;
;                            ;             ;
; Usage by Processor         ; % Time Used ;
;     Processor 1            ; 100.0%      ;
;     Processors 2-4         ;   0.0%      ;
+----------------------------+-------------+


+---------------------------------------------------------------------------------------------------------------------------------------------------------------------------------------------------------------------------------------------------+
; Analysis & Synthesis Source Files Read                                                                                                                                                                                                            ;
+----------------------------------------------------------+-----------------+-------------------------------------------------------+----------------------------------------------------------------------------------------------------+---------+
; File Name with User-Entered Path                         ; Used in Netlist ; File Type                                             ; File Name with Absolute Path                                                                       ; Library ;
+----------------------------------------------------------+-----------------+-------------------------------------------------------+----------------------------------------------------------------------------------------------------+---------+
; bus_compare_to_register.bdf                              ; yes             ; User Block Diagram/Schematic File                     ; C:/altera/13.1/bus_compare_to_register/bus_compare_to_register.bdf                                 ;         ;
; block1.bdf                                               ; yes             ; Auto-Found Block Diagram/Schematic File               ; C:/altera/13.1/bus_compare_to_register/block1.bdf                                                  ;         ;
; generate_0_to_7.vhd                                      ; yes             ; Auto-Found VHDL File                                  ; C:/altera/13.1/bus_compare_to_register/generate_0_to_7.vhd                                         ;         ;
; altsyncram.tdf                                           ; yes             ; Megafunction                                          ; c:/altera/13.1/quartus/libraries/megafunctions/altsyncram.tdf                                      ;         ;
; stratix_ram_block.inc                                    ; yes             ; Megafunction                                          ; c:/altera/13.1/quartus/libraries/megafunctions/stratix_ram_block.inc                               ;         ;
; lpm_mux.inc                                              ; yes             ; Megafunction                                          ; c:/altera/13.1/quartus/libraries/megafunctions/lpm_mux.inc                                         ;         ;
; lpm_decode.inc                                           ; yes             ; Megafunction                                          ; c:/altera/13.1/quartus/libraries/megafunctions/lpm_decode.inc                                      ;         ;
; aglobal131.inc                                           ; yes             ; Megafunction                                          ; c:/altera/13.1/quartus/libraries/megafunctions/aglobal131.inc                                      ;         ;
; a_rdenreg.inc                                            ; yes             ; Megafunction                                          ; c:/altera/13.1/quartus/libraries/megafunctions/a_rdenreg.inc                                       ;         ;
; altrom.inc                                               ; yes             ; Megafunction                                          ; c:/altera/13.1/quartus/libraries/megafunctions/altrom.inc                                          ;         ;
; altram.inc                                               ; yes             ; Megafunction                                          ; c:/altera/13.1/quartus/libraries/megafunctions/altram.inc                                          ;         ;
; altdpram.inc                                             ; yes             ; Megafunction                                          ; c:/altera/13.1/quartus/libraries/megafunctions/altdpram.inc                                        ;         ;
; db/altsyncram_c491.tdf                                   ; yes             ; Auto-Generated Megafunction                           ; C:/altera/13.1/bus_compare_to_register/db/altsyncram_c491.tdf                                      ;         ;
; bus_compare_to_register.bus_compare_to_register0.rtl.mif ; yes             ; Auto-Generated Auto-Found Memory Initialization File  ; C:/altera/13.1/bus_compare_to_register/db/bus_compare_to_register.bus_compare_to_register0.rtl.mif ;         ;
+----------------------------------------------------------+-----------------+-------------------------------------------------------+----------------------------------------------------------------------------------------------------+---------+


+---------------------------------------------------------------------------------------------------------------------------------------------------+
; Analysis & Synthesis Resource Usage Summary                                                                                                       ;
+---------------------------------------------+-----------------------------------------------------------------------------------------------------+
; Resource                                    ; Usage                                                                                               ;
+---------------------------------------------+-----------------------------------------------------------------------------------------------------+
; Estimate of Logic utilization (ALMs needed) ; 32                                                                                                  ;
;                                             ;                                                                                                     ;
; Combinational ALUT usage for logic          ; 42                                                                                                  ;
;     -- 7 input functions                    ; 0                                                                                                   ;
;     -- 6 input functions                    ; 22                                                                                                  ;
;     -- 5 input functions                    ; 3                                                                                                   ;
;     -- 4 input functions                    ; 13                                                                                                  ;
;     -- <=3 input functions                  ; 4                                                                                                   ;
;                                             ;                                                                                                     ;
; Dedicated logic registers                   ; 7                                                                                                   ;
;                                             ;                                                                                                     ;
; I/O pins                                    ; 66                                                                                                  ;
; Total MLAB memory bits                      ; 0                                                                                                   ;
; Total block memory bits                     ; 256                                                                                                 ;
; Total DSP Blocks                            ; 0                                                                                                   ;
; Maximum fan-out node                        ; Block1:inst1|generate_0_to_7:inst|altsyncram:Mux7_rtl_0|altsyncram_c491:auto_generated|ram_block1a0 ;
; Maximum fan-out                             ; 16                                                                                                  ;
; Total fan-out                               ; 298                                                                                                 ;
; Average fan-out                             ; 1.64                                                                                                ;
+---------------------------------------------+-----------------------------------------------------------------------------------------------------+


+-------------------------------------------------------------------------------------------------------------------------------------------------------------------------------------------------------------------------------------------------------------------------+
; Analysis & Synthesis Resource Utilization by Entity                                                                                                                                                                                                                     ;
+----------------------------------------------+-------------------+--------------+-------------------+------------+------+--------------+-----------------------------------------------------------------------------------------------------------------+--------------+
; Compilation Hierarchy Node                   ; LC Combinationals ; LC Registers ; Block Memory Bits ; DSP Blocks ; Pins ; Virtual Pins ; Full Hierarchy Name                                                                                             ; Library Name ;
+----------------------------------------------+-------------------+--------------+-------------------+------------+------+--------------+-----------------------------------------------------------------------------------------------------------------+--------------+
; |bus_compare_to_register                     ; 42 (5)            ; 7 (0)        ; 256               ; 0          ; 66   ; 0            ; |bus_compare_to_register                                                                                        ; work         ;
;    |Block1:inst1|                            ; 16 (3)            ; 7 (0)        ; 256               ; 0          ; 0    ; 0            ; |bus_compare_to_register|Block1:inst1                                                                           ; work         ;
;       |generate_0_to_7:inst|                 ; 13 (13)           ; 7 (7)        ; 256               ; 0          ; 0    ; 0            ; |bus_compare_to_register|Block1:inst1|generate_0_to_7:inst                                                      ; work         ;
;          |altsyncram:Mux7_rtl_0|             ; 0 (0)             ; 0 (0)        ; 256               ; 0          ; 0    ; 0            ; |bus_compare_to_register|Block1:inst1|generate_0_to_7:inst|altsyncram:Mux7_rtl_0                                ; work         ;
;             |altsyncram_c491:auto_generated| ; 0 (0)             ; 0 (0)        ; 256               ; 0          ; 0    ; 0            ; |bus_compare_to_register|Block1:inst1|generate_0_to_7:inst|altsyncram:Mux7_rtl_0|altsyncram_c491:auto_generated ; work         ;
;    |Block1:inst2|                            ; 3 (3)             ; 0 (0)        ; 0                 ; 0          ; 0    ; 0            ; |bus_compare_to_register|Block1:inst2                                                                           ; work         ;
;    |Block1:inst3|                            ; 3 (3)             ; 0 (0)        ; 0                 ; 0          ; 0    ; 0            ; |bus_compare_to_register|Block1:inst3                                                                           ; work         ;
;    |Block1:inst4|                            ; 3 (3)             ; 0 (0)        ; 0                 ; 0          ; 0    ; 0            ; |bus_compare_to_register|Block1:inst4                                                                           ; work         ;
;    |Block1:inst5|                            ; 3 (3)             ; 0 (0)        ; 0                 ; 0          ; 0    ; 0            ; |bus_compare_to_register|Block1:inst5                                                                           ; work         ;
;    |Block1:inst6|                            ; 3 (3)             ; 0 (0)        ; 0                 ; 0          ; 0    ; 0            ; |bus_compare_to_register|Block1:inst6                                                                           ; work         ;
;    |Block1:inst7|                            ; 3 (3)             ; 0 (0)        ; 0                 ; 0          ; 0    ; 0            ; |bus_compare_to_register|Block1:inst7                                                                           ; work         ;
;    |Block1:inst|                             ; 3 (3)             ; 0 (0)        ; 0                 ; 0          ; 0    ; 0            ; |bus_compare_to_register|Block1:inst                                                                            ; work         ;
+----------------------------------------------+-------------------+--------------+-------------------+------------+------+--------------+-----------------------------------------------------------------------------------------------------------------+--------------+
Note: For table entries with two numbers listed, the numbers in parentheses indicate the number of resources of the given type used by the specific entity alone. The numbers listed outside of parentheses indicate the total resources of the given type used by the specific entity and all of its sub-entities in the hierarchy.


+-----------------------------------------------------------------------------------------------------------------------------------------------------------------------------------------------------------------------------------------------+
; Analysis & Synthesis RAM Summary                                                                                                                                                                                                              ;
+---------------------------------------------------------------------------------------------------+------+------+--------------+--------------+--------------+--------------+------+----------------------------------------------------------+
; Name                                                                                              ; Type ; Mode ; Port A Depth ; Port A Width ; Port B Depth ; Port B Width ; Size ; MIF                                                      ;
+---------------------------------------------------------------------------------------------------+------+------+--------------+--------------+--------------+--------------+------+----------------------------------------------------------+
; Block1:inst1|generate_0_to_7:inst|altsyncram:Mux7_rtl_0|altsyncram_c491:auto_generated|ALTSYNCRAM ; AUTO ; ROM  ; 256          ; 1            ; --           ; --           ; 256  ; bus_compare_to_register.bus_compare_to_register0.rtl.mif ;
+---------------------------------------------------------------------------------------------------+------+------+--------------+--------------+--------------+--------------+------+----------------------------------------------------------+


+---------------------------------------------------------------------------------------------------+
; Registers Removed During Synthesis                                                                ;
+-------------------------------------------+-------------------------------------------------------+
; Register name                             ; Reason for Removal                                    ;
+-------------------------------------------+-------------------------------------------------------+
; Block1:inst2|generate_0_to_7:inst|temp[0] ; Merged with Block1:inst1|generate_0_to_7:inst|temp[0] ;
; Block1:inst3|generate_0_to_7:inst|temp[0] ; Merged with Block1:inst1|generate_0_to_7:inst|temp[0] ;
; Block1:inst4|generate_0_to_7:inst|temp[0] ; Merged with Block1:inst1|generate_0_to_7:inst|temp[0] ;
; Block1:inst5|generate_0_to_7:inst|temp[0] ; Merged with Block1:inst1|generate_0_to_7:inst|temp[0] ;
; Block1:inst6|generate_0_to_7:inst|temp[0] ; Merged with Block1:inst1|generate_0_to_7:inst|temp[0] ;
; Block1:inst7|generate_0_to_7:inst|temp[0] ; Merged with Block1:inst1|generate_0_to_7:inst|temp[0] ;
; Block1:inst|generate_0_to_7:inst|temp[0]  ; Merged with Block1:inst1|generate_0_to_7:inst|temp[0] ;
; Block1:inst2|generate_0_to_7:inst|temp[2] ; Merged with Block1:inst1|generate_0_to_7:inst|temp[2] ;
; Block1:inst3|generate_0_to_7:inst|temp[2] ; Merged with Block1:inst1|generate_0_to_7:inst|temp[2] ;
; Block1:inst4|generate_0_to_7:inst|temp[2] ; Merged with Block1:inst1|generate_0_to_7:inst|temp[2] ;
; Block1:inst5|generate_0_to_7:inst|temp[2] ; Merged with Block1:inst1|generate_0_to_7:inst|temp[2] ;
; Block1:inst6|generate_0_to_7:inst|temp[2] ; Merged with Block1:inst1|generate_0_to_7:inst|temp[2] ;
; Block1:inst7|generate_0_to_7:inst|temp[2] ; Merged with Block1:inst1|generate_0_to_7:inst|temp[2] ;
; Block1:inst|generate_0_to_7:inst|temp[2]  ; Merged with Block1:inst1|generate_0_to_7:inst|temp[2] ;
; Block1:inst2|generate_0_to_7:inst|temp[1] ; Merged with Block1:inst1|generate_0_to_7:inst|temp[1] ;
; Block1:inst3|generate_0_to_7:inst|temp[1] ; Merged with Block1:inst1|generate_0_to_7:inst|temp[1] ;
; Block1:inst4|generate_0_to_7:inst|temp[1] ; Merged with Block1:inst1|generate_0_to_7:inst|temp[1] ;
; Block1:inst5|generate_0_to_7:inst|temp[1] ; Merged with Block1:inst1|generate_0_to_7:inst|temp[1] ;
; Block1:inst6|generate_0_to_7:inst|temp[1] ; Merged with Block1:inst1|generate_0_to_7:inst|temp[1] ;
; Block1:inst7|generate_0_to_7:inst|temp[1] ; Merged with Block1:inst1|generate_0_to_7:inst|temp[1] ;
; Block1:inst|generate_0_to_7:inst|temp[1]  ; Merged with Block1:inst1|generate_0_to_7:inst|temp[1] ;
; Block1:inst2|generate_0_to_7:inst|temp[3] ; Merged with Block1:inst1|generate_0_to_7:inst|temp[3] ;
; Block1:inst3|generate_0_to_7:inst|temp[3] ; Merged with Block1:inst1|generate_0_to_7:inst|temp[3] ;
; Block1:inst4|generate_0_to_7:inst|temp[3] ; Merged with Block1:inst1|generate_0_to_7:inst|temp[3] ;
; Block1:inst5|generate_0_to_7:inst|temp[3] ; Merged with Block1:inst1|generate_0_to_7:inst|temp[3] ;
; Block1:inst6|generate_0_to_7:inst|temp[3] ; Merged with Block1:inst1|generate_0_to_7:inst|temp[3] ;
; Block1:inst7|generate_0_to_7:inst|temp[3] ; Merged with Block1:inst1|generate_0_to_7:inst|temp[3] ;
; Block1:inst|generate_0_to_7:inst|temp[3]  ; Merged with Block1:inst1|generate_0_to_7:inst|temp[3] ;
; Block1:inst2|generate_0_to_7:inst|temp[5] ; Merged with Block1:inst1|generate_0_to_7:inst|temp[5] ;
; Block1:inst3|generate_0_to_7:inst|temp[5] ; Merged with Block1:inst1|generate_0_to_7:inst|temp[5] ;
; Block1:inst4|generate_0_to_7:inst|temp[5] ; Merged with Block1:inst1|generate_0_to_7:inst|temp[5] ;
; Block1:inst5|generate_0_to_7:inst|temp[5] ; Merged with Block1:inst1|generate_0_to_7:inst|temp[5] ;
; Block1:inst6|generate_0_to_7:inst|temp[5] ; Merged with Block1:inst1|generate_0_to_7:inst|temp[5] ;
; Block1:inst7|generate_0_to_7:inst|temp[5] ; Merged with Block1:inst1|generate_0_to_7:inst|temp[5] ;
; Block1:inst|generate_0_to_7:inst|temp[5]  ; Merged with Block1:inst1|generate_0_to_7:inst|temp[5] ;
; Block1:inst2|generate_0_to_7:inst|temp[4] ; Merged with Block1:inst1|generate_0_to_7:inst|temp[4] ;
; Block1:inst3|generate_0_to_7:inst|temp[4] ; Merged with Block1:inst1|generate_0_to_7:inst|temp[4] ;
; Block1:inst4|generate_0_to_7:inst|temp[4] ; Merged with Block1:inst1|generate_0_to_7:inst|temp[4] ;
; Block1:inst5|generate_0_to_7:inst|temp[4] ; Merged with Block1:inst1|generate_0_to_7:inst|temp[4] ;
; Block1:inst6|generate_0_to_7:inst|temp[4] ; Merged with Block1:inst1|generate_0_to_7:inst|temp[4] ;
; Block1:inst7|generate_0_to_7:inst|temp[4] ; Merged with Block1:inst1|generate_0_to_7:inst|temp[4] ;
; Block1:inst|generate_0_to_7:inst|temp[4]  ; Merged with Block1:inst1|generate_0_to_7:inst|temp[4] ;
; Block1:inst2|generate_0_to_7:inst|temp[6] ; Merged with Block1:inst1|generate_0_to_7:inst|temp[6] ;
; Block1:inst3|generate_0_to_7:inst|temp[6] ; Merged with Block1:inst1|generate_0_to_7:inst|temp[6] ;
; Block1:inst4|generate_0_to_7:inst|temp[6] ; Merged with Block1:inst1|generate_0_to_7:inst|temp[6] ;
; Block1:inst5|generate_0_to_7:inst|temp[6] ; Merged with Block1:inst1|generate_0_to_7:inst|temp[6] ;
; Block1:inst6|generate_0_to_7:inst|temp[6] ; Merged with Block1:inst1|generate_0_to_7:inst|temp[6] ;
; Block1:inst7|generate_0_to_7:inst|temp[6] ; Merged with Block1:inst1|generate_0_to_7:inst|temp[6] ;
; Block1:inst|generate_0_to_7:inst|temp[6]  ; Merged with Block1:inst1|generate_0_to_7:inst|temp[6] ;
; Block1:inst2|generate_0_to_7:inst|temp[7] ; Merged with Block1:inst1|generate_0_to_7:inst|temp[7] ;
; Block1:inst3|generate_0_to_7:inst|temp[7] ; Merged with Block1:inst1|generate_0_to_7:inst|temp[7] ;
; Block1:inst4|generate_0_to_7:inst|temp[7] ; Merged with Block1:inst1|generate_0_to_7:inst|temp[7] ;
; Block1:inst5|generate_0_to_7:inst|temp[7] ; Merged with Block1:inst1|generate_0_to_7:inst|temp[7] ;
; Block1:inst6|generate_0_to_7:inst|temp[7] ; Merged with Block1:inst1|generate_0_to_7:inst|temp[7] ;
; Block1:inst7|generate_0_to_7:inst|temp[7] ; Merged with Block1:inst1|generate_0_to_7:inst|temp[7] ;
; Block1:inst|generate_0_to_7:inst|temp[7]  ; Merged with Block1:inst1|generate_0_to_7:inst|temp[7] ;
; Total Number of Removed Registers = 56    ;                                                       ;
+-------------------------------------------+-------------------------------------------------------+


+------------------------------------------------------+
; General Register Statistics                          ;
+----------------------------------------------+-------+
; Statistic                                    ; Value ;
+----------------------------------------------+-------+
; Total registers                              ; 7     ;
; Number of registers using Synchronous Clear  ; 0     ;
; Number of registers using Synchronous Load   ; 0     ;
; Number of registers using Asynchronous Clear ; 0     ;
; Number of registers using Asynchronous Load  ; 0     ;
; Number of registers using Clock Enable       ; 0     ;
; Number of registers using Preset             ; 0     ;
+----------------------------------------------+-------+


+-------------------------------------------------------------------------------------------------+
; Registers Packed Into Inferred Megafunctions                                                    ;
+-------------------------------------------+----------------------------------------------+------+
; Register Name                             ; Megafunction                                 ; Type ;
+-------------------------------------------+----------------------------------------------+------+
; Block1:inst1|generate_0_to_7:inst|temp[0] ; Block1:inst1|generate_0_to_7:inst|Mux7_rtl_0 ; ROM  ;
+-------------------------------------------+----------------------------------------------+------+


+---------------------------------------------------------------------------------------------------------------+
; Source assignments for Block1:inst1|generate_0_to_7:inst|altsyncram:Mux7_rtl_0|altsyncram_c491:auto_generated ;
+---------------------------------+--------------------+------+-------------------------------------------------+
; Assignment                      ; Value              ; From ; To                                              ;
+---------------------------------+--------------------+------+-------------------------------------------------+
; OPTIMIZE_POWER_DURING_SYNTHESIS ; NORMAL_COMPILATION ; -    ; -                                               ;
+---------------------------------+--------------------+------+-------------------------------------------------+


+----------------------------------------------------------------------------------------------------------------+
; Parameter Settings for Inferred Entity Instance: Block1:inst1|generate_0_to_7:inst|altsyncram:Mux7_rtl_0       ;
+------------------------------------+----------------------------------------------------------+----------------+
; Parameter Name                     ; Value                                                    ; Type           ;
+------------------------------------+----------------------------------------------------------+----------------+
; BYTE_SIZE_BLOCK                    ; 8                                                        ; Untyped        ;
; AUTO_CARRY_CHAINS                  ; ON                                                       ; AUTO_CARRY     ;
; IGNORE_CARRY_BUFFERS               ; OFF                                                      ; IGNORE_CARRY   ;
; AUTO_CASCADE_CHAINS                ; ON                                                       ; AUTO_CASCADE   ;
; IGNORE_CASCADE_BUFFERS             ; OFF                                                      ; IGNORE_CASCADE ;
; WIDTH_BYTEENA                      ; 1                                                        ; Untyped        ;
; OPERATION_MODE                     ; ROM                                                      ; Untyped        ;
; WIDTH_A                            ; 1                                                        ; Untyped        ;
; WIDTHAD_A                          ; 8                                                        ; Untyped        ;
; NUMWORDS_A                         ; 256                                                      ; Untyped        ;
; OUTDATA_REG_A                      ; UNREGISTERED                                             ; Untyped        ;
; ADDRESS_ACLR_A                     ; NONE                                                     ; Untyped        ;
; OUTDATA_ACLR_A                     ; NONE                                                     ; Untyped        ;
; WRCONTROL_ACLR_A                   ; NONE                                                     ; Untyped        ;
; INDATA_ACLR_A                      ; NONE                                                     ; Untyped        ;
; BYTEENA_ACLR_A                     ; NONE                                                     ; Untyped        ;
; WIDTH_B                            ; 1                                                        ; Untyped        ;
; WIDTHAD_B                          ; 1                                                        ; Untyped        ;
; NUMWORDS_B                         ; 1                                                        ; Untyped        ;
; INDATA_REG_B                       ; CLOCK1                                                   ; Untyped        ;
; WRCONTROL_WRADDRESS_REG_B          ; CLOCK1                                                   ; Untyped        ;
; RDCONTROL_REG_B                    ; CLOCK1                                                   ; Untyped        ;
; ADDRESS_REG_B                      ; CLOCK1                                                   ; Untyped        ;
; OUTDATA_REG_B                      ; UNREGISTERED                                             ; Untyped        ;
; BYTEENA_REG_B                      ; CLOCK1                                                   ; Untyped        ;
; INDATA_ACLR_B                      ; NONE                                                     ; Untyped        ;
; WRCONTROL_ACLR_B                   ; NONE                                                     ; Untyped        ;
; ADDRESS_ACLR_B                     ; NONE                                                     ; Untyped        ;
; OUTDATA_ACLR_B                     ; NONE                                                     ; Untyped        ;
; RDCONTROL_ACLR_B                   ; NONE                                                     ; Untyped        ;
; BYTEENA_ACLR_B                     ; NONE                                                     ; Untyped        ;
; WIDTH_BYTEENA_A                    ; 1                                                        ; Untyped        ;
; WIDTH_BYTEENA_B                    ; 1                                                        ; Untyped        ;
; RAM_BLOCK_TYPE                     ; AUTO                                                     ; Untyped        ;
; BYTE_SIZE                          ; 8                                                        ; Untyped        ;
; READ_DURING_WRITE_MODE_MIXED_PORTS ; DONT_CARE                                                ; Untyped        ;
; READ_DURING_WRITE_MODE_PORT_A      ; NEW_DATA_NO_NBE_READ                                     ; Untyped        ;
; READ_DURING_WRITE_MODE_PORT_B      ; NEW_DATA_NO_NBE_READ                                     ; Untyped        ;
; INIT_FILE                          ; bus_compare_to_register.bus_compare_to_register0.rtl.mif ; Untyped        ;
; INIT_FILE_LAYOUT                   ; PORT_A                                                   ; Untyped        ;
; MAXIMUM_DEPTH                      ; 0                                                        ; Untyped        ;
; CLOCK_ENABLE_INPUT_A               ; NORMAL                                                   ; Untyped        ;
; CLOCK_ENABLE_INPUT_B               ; NORMAL                                                   ; Untyped        ;
; CLOCK_ENABLE_OUTPUT_A              ; NORMAL                                                   ; Untyped        ;
; CLOCK_ENABLE_OUTPUT_B              ; NORMAL                                                   ; Untyped        ;
; CLOCK_ENABLE_CORE_A                ; USE_INPUT_CLKEN                                          ; Untyped        ;
; CLOCK_ENABLE_CORE_B                ; USE_INPUT_CLKEN                                          ; Untyped        ;
; ENABLE_ECC                         ; FALSE                                                    ; Untyped        ;
; ECC_PIPELINE_STAGE_ENABLED         ; FALSE                                                    ; Untyped        ;
; WIDTH_ECCSTATUS                    ; 3                                                        ; Untyped        ;
; DEVICE_FAMILY                      ; Cyclone V                                                ; Untyped        ;
; CBXI_PARAMETER                     ; altsyncram_c491                                          ; Untyped        ;
+------------------------------------+----------------------------------------------------------+----------------+
Note: In order to hide this table in the UI and the text report file, please set the "Show Parameter Settings in Synthesis Report" option in "Analysis and Synthesis Settings -> More Settings" to "Off".


+-----------------------------------------------------------------------------------------------------+
; altsyncram Parameter Settings by Entity Instance                                                    ;
+-------------------------------------------+---------------------------------------------------------+
; Name                                      ; Value                                                   ;
+-------------------------------------------+---------------------------------------------------------+
; Number of entity instances                ; 1                                                       ;
; Entity Instance                           ; Block1:inst1|generate_0_to_7:inst|altsyncram:Mux7_rtl_0 ;
;     -- OPERATION_MODE                     ; ROM                                                     ;
;     -- WIDTH_A                            ; 1                                                       ;
;     -- NUMWORDS_A                         ; 256                                                     ;
;     -- OUTDATA_REG_A                      ; UNREGISTERED                                            ;
;     -- WIDTH_B                            ; 1                                                       ;
;     -- NUMWORDS_B                         ; 1                                                       ;
;     -- ADDRESS_REG_B                      ; CLOCK1                                                  ;
;     -- OUTDATA_REG_B                      ; UNREGISTERED                                            ;
;     -- RAM_BLOCK_TYPE                     ; AUTO                                                    ;
;     -- READ_DURING_WRITE_MODE_MIXED_PORTS ; DONT_CARE                                               ;
+-------------------------------------------+---------------------------------------------------------+


+-------------------------------+
; Elapsed Time Per Partition    ;
+----------------+--------------+
; Partition Name ; Elapsed Time ;
+----------------+--------------+
; Top            ; 00:00:00     ;
+----------------+--------------+


+-------------------------------+
; Analysis & Synthesis Messages ;
+-------------------------------+
Info: *******************************************************************
Info: Running Quartus II 64-Bit Analysis & Synthesis
    Info: Version 13.1.0 Build 162 10/23/2013 SJ Web Edition
    Info: Processing started: Mon Jun 01 18:57:07 2020
Info: Command: quartus_map --read_settings_files=on --write_settings_files=off bus_compare_to_register -c bus_compare_to_register
Info (20034): Auto device selection is not supported for Cyclone V device family. The default device, 5CGXFC7C7F23C8, is set.
Info (20030): Parallel compilation is enabled and will use 4 of the 4 processors detected
Info (12021): Found 1 design units, including 1 entities, in source file bus_compare_to_register.bdf
    Info (12023): Found entity 1: bus_compare_to_register
Info (12127): Elaborating entity "bus_compare_to_register" for the top level hierarchy
Warning (12125): Using design file block1.bdf, which is not specified as a design file for the current project, but contains definitions for 1 design units and 1 entities in project
    Info (12023): Found entity 1: Block1
Info (12128): Elaborating entity "Block1" for hierarchy "Block1:inst"
Warning (12125): Using design file generate_0_to_7.vhd, which is not specified as a design file for the current project, but contains definitions for 2 design units and 1 entities in project
    Info (12022): Found design unit 1: generate_0_to_7-bruh
    Info (12023): Found entity 1: generate_0_to_7
Info (12128): Elaborating entity "generate_0_to_7" for hierarchy "Block1:inst|generate_0_to_7:inst"
Warning (10492): VHDL Process Statement warning at generate_0_to_7.vhd(33): signal "temp" is read inside the Process Statement but isn't in the Process Statement's sensitivity list
Info (19000): Inferred 1 megafunctions from design logic
    Info (276031): Inferred altsyncram megafunction from the following design logic: "Block1:inst1|generate_0_to_7:inst|Mux7_rtl_0"
        Info (286033): Parameter OPERATION_MODE set to ROM
        Info (286033): Parameter WIDTH_A set to 1
        Info (286033): Parameter WIDTHAD_A set to 8
        Info (286033): Parameter NUMWORDS_A set to 256
        Info (286033): Parameter OUTDATA_REG_A set to UNREGISTERED
        Info (286033): Parameter RAM_BLOCK_TYPE set to AUTO
        Info (286033): Parameter INIT_FILE set to bus_compare_to_register.bus_compare_to_register0.rtl.mif
Info (12130): Elaborated megafunction instantiation "Block1:inst1|generate_0_to_7:inst|altsyncram:Mux7_rtl_0"
Info (12133): Instantiated megafunction "Block1:inst1|generate_0_to_7:inst|altsyncram:Mux7_rtl_0" with the following parameter:
    Info (12134): Parameter "OPERATION_MODE" = "ROM"
    Info (12134): Parameter "WIDTH_A" = "1"
    Info (12134): Parameter "WIDTHAD_A" = "8"
    Info (12134): Parameter "NUMWORDS_A" = "256"
    Info (12134): Parameter "OUTDATA_REG_A" = "UNREGISTERED"
    Info (12134): Parameter "RAM_BLOCK_TYPE" = "AUTO"
    Info (12134): Parameter "INIT_FILE" = "bus_compare_to_register.bus_compare_to_register0.rtl.mif"
Info (12021): Found 1 design units, including 1 entities, in source file db/altsyncram_c491.tdf
    Info (12023): Found entity 1: altsyncram_c491
Info (286030): Timing-Driven Synthesis is running
Info (16010): Generating hard_block partition "hard_block:auto_generated_inst"
    Info (16011): Adding 0 node(s), including 0 DDIO, 0 PLL, 0 transceiver and 0 LCELL
Info (21057): Implemented 109 device resources after synthesis - the final resource count might be different
    Info (21058): Implemented 65 input pins
    Info (21059): Implemented 1 output pins
    Info (21061): Implemented 42 logic cells
    Info (21064): Implemented 1 RAM segments
Info: Quartus II 64-Bit Analysis & Synthesis was successful. 0 errors, 3 warnings
    Info: Peak virtual memory: 615 megabytes
    Info: Processing ended: Mon Jun 01 18:57:09 2020
    Info: Elapsed time: 00:00:02
    Info: Total CPU time (on all processors): 00:00:02


