TimeQuest Timing Analyzer report for bus_compare_to_register
Mon Jun 01 18:58:14 2020
Quartus II 64-Bit Version 13.1.0 Build 162 10/23/2013 SJ Web Edition


---------------------
; Table of Contents ;
---------------------
  1. Legal Notice
  2. TimeQuest Timing Analyzer Summary
  3. Parallel Compilation
  4. Clocks
  5. Slow 1100mV 85C Model Fmax Summary
  6. Timing Closure Recommendations
  7. Slow 1100mV 85C Model Setup Summary
  8. Slow 1100mV 85C Model Hold Summary
  9. Slow 1100mV 85C Model Recovery Summary
 10. Slow 1100mV 85C Model Removal Summary
 11. Slow 1100mV 85C Model Minimum Pulse Width Summary
 12. Clock to Output Times
 13. Minimum Clock to Output Times
 14. Propagation Delay
 15. Minimum Propagation Delay
 16. Slow 1100mV 85C Model Metastability Report
 17. Slow 1100mV 0C Model Fmax Summary
 18. Slow 1100mV 0C Model Setup Summary
 19. Slow 1100mV 0C Model Hold Summary
 20. Slow 1100mV 0C Model Recovery Summary
 21. Slow 1100mV 0C Model Removal Summary
 22. Slow 1100mV 0C Model Minimum Pulse Width Summary
 23. Clock to Output Times
 24. Minimum Clock to Output Times
 25. Propagation Delay
 26. Minimum Propagation Delay
 27. Slow 1100mV 0C Model Metastability Report
 28. Fast 1100mV 85C Model Setup Summary
 29. Fast 1100mV 85C Model Hold Summary
 30. Fast 1100mV 85C Model Recovery Summary
 31. Fast 1100mV 85C Model Removal Summary
 32. Fast 1100mV 85C Model Minimum Pulse Width Summary
 33. Clock to Output Times
 34. Minimum Clock to Output Times
 35. Propagation Delay
 36. Minimum Propagation Delay
 37. Fast 1100mV 85C Model Metastability Report
 38. Fast 1100mV 0C Model Setup Summary
 39. Fast 1100mV 0C Model Hold Summary
 40. Fast 1100mV 0C Model Recovery Summary
 41. Fast 1100mV 0C Model Removal Summary
 42. Fast 1100mV 0C Model Minimum Pulse Width Summary
 43. Clock to Output Times
 44. Minimum Clock to Output Times
 45. Propagation Delay
 46. Minimum Propagation Delay
 47. Fast 1100mV 0C Model Metastability Report
 48. Multicorner Timing Analysis Summary
 49. Clock to Output Times
 50. Minimum Clock to Output Times
 51. Propagation Delay
 52. Minimum Propagation Delay
 53. Board Trace Model Assignments
 54. Input Transition Times
 55. Signal Integrity Metrics (Slow 1100mv 0c Model)
 56. Signal Integrity Metrics (Slow 1100mv 85c Model)
 57. Signal Integrity Metrics (Fast 1100mv 0c Model)
 58. Signal Integrity Metrics (Fast 1100mv 85c Model)
 59. Setup Transfers
 60. Hold Transfers
 61. Report TCCS
 62. Report RSKM
 63. Unconstrained Paths
 64. TimeQuest Timing Analyzer Messages



----------------
; Legal Notice ;
----------------
Copyright (C) 1991-2013 Altera Corporation
Your use of Altera Corporation's design tools, logic functions 
and other software and tools, and its AMPP partner logic 
functions, and any output files from any of the foregoing 
(including device programming or simulation files), and any 
associated documentation or information are expressly subject 
to the terms and conditions of the Altera Program License 
Subscription Agreement, Altera MegaCore Function License 
Agreement, or other applicable license agreement, including, 
without limitation, that your use is for the sole purpose of 
programming logic devices manufactured by Altera and sold by 
Altera or its authorized distributors.  Please refer to the 
applicable agreement for further details.



+-------------------------------------------------------------------------+
; TimeQuest Timing Analyzer Summary                                       ;
+--------------------+----------------------------------------------------+
; Quartus II Version ; Version 13.1.0 Build 162 10/23/2013 SJ Web Edition ;
; Revision Name      ; bus_compare_to_register                            ;
; Device Family      ; Cyclone V                                          ;
; Device Name        ; 5CGXFC7C7F23C8                                     ;
; Timing Models      ; Final                                              ;
; Delay Model        ; Combined                                           ;
; Rise/Fall Delays   ; Enabled                                            ;
+--------------------+----------------------------------------------------+


+------------------------------------------+
; Parallel Compilation                     ;
+----------------------------+-------------+
; Processors                 ; Number      ;
+----------------------------+-------------+
; Number detected on machine ; 4           ;
; Maximum allowed            ; 4           ;
;                            ;             ;
; Average used               ; 1.00        ;
; Maximum used               ; 4           ;
;                            ;             ;
; Usage by Processor         ; % Time Used ;
;     Processor 1            ; 100.0%      ;
;     Processors 2-4         ; < 0.1%      ;
+----------------------------+-------------+


+------------------------------------------------------------------------------------------------------------------------------------------------------------------------------------------------------------+
; Clocks                                                                                                                                                                                                     ;
+----------------------+------+--------+------------+-------+-------+------------+-----------+-------------+-------+--------+-----------+------------+----------+--------+--------+--------------------------+
; Clock Name           ; Type ; Period ; Frequency  ; Rise  ; Fall  ; Duty Cycle ; Divide by ; Multiply by ; Phase ; Offset ; Edge List ; Edge Shift ; Inverted ; Master ; Source ; Targets                  ;
+----------------------+------+--------+------------+-------+-------+------------+-----------+-------------+-------+--------+-----------+------------+----------+--------+--------+--------------------------+
; clk_for_generate_num ; Base ; 1.000  ; 1000.0 MHz ; 0.000 ; 0.500 ;            ;           ;             ;       ;        ;           ;            ;          ;        ;        ; { clk_for_generate_num } ;
+----------------------+------+--------+------------+-------+-------+------------+-----------+-------------+-------+--------+-----------+------------+----------+--------+--------+--------------------------+


+-----------------------------------------------------------+
; Slow 1100mV 85C Model Fmax Summary                        ;
+-----------+-----------------+----------------------+------+
; Fmax      ; Restricted Fmax ; Clock Name           ; Note ;
+-----------+-----------------+----------------------+------+
; 237.3 MHz ; 237.3 MHz       ; clk_for_generate_num ;      ;
+-----------+-----------------+----------------------+------+
This panel reports FMAX for every clock in the design, regardless of the user-specified clock periods.  FMAX is only computed for paths where the source and destination registers or ports are driven by the same clock.  Paths of different clocks, including generated clocks, are ignored.  For paths between a clock and its inversion, FMAX is computed as if the rising and falling edges are scaled along with FMAX, such that the duty cycle (in terms of a percentage) is maintained. Altera recommends that you always use clock constraints and other slack reports for sign-off analysis.


----------------------------------
; Timing Closure Recommendations ;
----------------------------------
HTML report is unavailable in plain text report export.


+-----------------------------------------------+
; Slow 1100mV 85C Model Setup Summary           ;
+----------------------+--------+---------------+
; Clock                ; Slack  ; End Point TNS ;
+----------------------+--------+---------------+
; clk_for_generate_num ; -3.214 ; -35.401       ;
+----------------------+--------+---------------+


+----------------------------------------------+
; Slow 1100mV 85C Model Hold Summary           ;
+----------------------+-------+---------------+
; Clock                ; Slack ; End Point TNS ;
+----------------------+-------+---------------+
; clk_for_generate_num ; 0.560 ; 0.000         ;
+----------------------+-------+---------------+


------------------------------------------
; Slow 1100mV 85C Model Recovery Summary ;
------------------------------------------
No paths to report.


-----------------------------------------
; Slow 1100mV 85C Model Removal Summary ;
-----------------------------------------
No paths to report.


+---------------------------------------------------+
; Slow 1100mV 85C Model Minimum Pulse Width Summary ;
+----------------------+--------+-------------------+
; Clock                ; Slack  ; End Point TNS     ;
+----------------------+--------+-------------------+
; clk_for_generate_num ; -3.166 ; -56.785           ;
+----------------------+--------+-------------------+


+----------------------------------------------------------------------------------------+
; Clock to Output Times                                                                  ;
+-----------+----------------------+--------+--------+------------+----------------------+
; Data Port ; Clock Port           ; Rise   ; Fall   ; Clock Edge ; Clock Reference      ;
+-----------+----------------------+--------+--------+------------+----------------------+
; OUT       ; clk_for_generate_num ; 16.196 ; 16.494 ; Rise       ; clk_for_generate_num ;
+-----------+----------------------+--------+--------+------------+----------------------+


+----------------------------------------------------------------------------------------+
; Minimum Clock to Output Times                                                          ;
+-----------+----------------------+--------+--------+------------+----------------------+
; Data Port ; Clock Port           ; Rise   ; Fall   ; Clock Edge ; Clock Reference      ;
+-----------+----------------------+--------+--------+------------+----------------------+
; OUT       ; clk_for_generate_num ; 10.562 ; 10.805 ; Rise       ; clk_for_generate_num ;
+-----------+----------------------+--------+--------+------------+----------------------+


+------------------------------------------------------+
; Propagation Delay                                    ;
+------------+-------------+--------+----+----+--------+
; Input Port ; Output Port ; RR     ; RF ; FR ; FF     ;
+------------+-------------+--------+----+----+--------+
; num1[0]    ; OUT         ; 12.020 ;    ;    ; 12.229 ;
; num1[1]    ; OUT         ; 12.599 ;    ;    ; 12.950 ;
; num1[2]    ; OUT         ; 14.913 ;    ;    ; 15.091 ;
; num1[3]    ; OUT         ; 12.570 ;    ;    ; 12.844 ;
; num1[4]    ; OUT         ; 12.731 ;    ;    ; 12.911 ;
; num1[5]    ; OUT         ; 15.375 ;    ;    ; 15.568 ;
; num1[6]    ; OUT         ; 11.956 ;    ;    ; 12.259 ;
; num1[7]    ; OUT         ; 12.097 ;    ;    ; 12.485 ;
; num2[0]    ; OUT         ; 14.536 ;    ;    ; 14.705 ;
; num2[1]    ; OUT         ; 14.557 ;    ;    ; 14.726 ;
; num2[2]    ; OUT         ; 11.896 ;    ;    ; 11.994 ;
; num2[3]    ; OUT         ; 15.495 ;    ;    ; 15.360 ;
; num2[4]    ; OUT         ; 13.515 ;    ;    ; 13.715 ;
; num2[5]    ; OUT         ; 14.011 ;    ;    ; 14.237 ;
; num2[6]    ; OUT         ; 12.014 ;    ;    ; 12.174 ;
; num2[7]    ; OUT         ; 11.992 ;    ;    ; 12.163 ;
; num3[0]    ; OUT         ; 14.910 ;    ;    ; 15.029 ;
; num3[1]    ; OUT         ; 14.751 ;    ;    ; 14.829 ;
; num3[2]    ; OUT         ; 15.183 ;    ;    ; 15.369 ;
; num3[3]    ; OUT         ; 15.793 ;    ;    ; 15.610 ;
; num3[4]    ; OUT         ; 15.845 ;    ;    ; 15.707 ;
; num3[5]    ; OUT         ; 14.199 ;    ;    ; 14.537 ;
; num3[6]    ; OUT         ; 14.422 ;    ;    ; 14.543 ;
; num3[7]    ; OUT         ; 14.905 ;    ;    ; 15.003 ;
; num4[0]    ; OUT         ; 12.505 ;    ;    ; 12.531 ;
; num4[1]    ; OUT         ; 14.564 ;    ;    ; 14.810 ;
; num4[2]    ; OUT         ; 12.108 ;    ;    ; 12.218 ;
; num4[3]    ; OUT         ; 12.701 ;    ;    ; 12.559 ;
; num4[4]    ; OUT         ; 14.011 ;    ;    ; 14.180 ;
; num4[5]    ; OUT         ; 15.725 ;    ;    ; 15.625 ;
; num4[6]    ; OUT         ; 11.876 ;    ;    ; 12.060 ;
; num4[7]    ; OUT         ; 11.938 ;    ;    ; 12.135 ;
; num5[0]    ; OUT         ; 15.370 ;    ;    ; 15.661 ;
; num5[1]    ; OUT         ; 13.111 ;    ;    ; 13.414 ;
; num5[2]    ; OUT         ; 14.765 ;    ;    ; 14.955 ;
; num5[3]    ; OUT         ; 14.076 ;    ;    ; 13.981 ;
; num5[4]    ; OUT         ; 15.814 ;    ;    ; 15.609 ;
; num5[5]    ; OUT         ; 14.004 ;    ;    ; 13.963 ;
; num5[6]    ; OUT         ; 14.964 ;    ;    ; 15.105 ;
; num5[7]    ; OUT         ; 12.391 ;    ;    ; 12.475 ;
; num6[0]    ; OUT         ; 14.276 ;    ;    ; 14.893 ;
; num6[1]    ; OUT         ; 12.560 ;    ;    ; 12.576 ;
; num6[2]    ; OUT         ; 12.426 ;    ;    ; 12.335 ;
; num6[3]    ; OUT         ; 13.648 ;    ;    ; 13.482 ;
; num6[4]    ; OUT         ; 14.504 ;    ;    ; 14.733 ;
; num6[5]    ; OUT         ; 13.243 ;    ;    ; 13.064 ;
; num6[6]    ; OUT         ; 14.984 ;    ;    ; 15.066 ;
; num6[7]    ; OUT         ; 15.462 ;    ;    ; 15.646 ;
; num7[0]    ; OUT         ; 12.590 ;    ;    ; 12.738 ;
; num7[1]    ; OUT         ; 13.257 ;    ;    ; 13.706 ;
; num7[2]    ; OUT         ; 15.064 ;    ;    ; 15.167 ;
; num7[3]    ; OUT         ; 14.426 ;    ;    ; 14.706 ;
; num7[4]    ; OUT         ; 14.332 ;    ;    ; 14.493 ;
; num7[5]    ; OUT         ; 14.587 ;    ;    ; 14.861 ;
; num7[6]    ; OUT         ; 14.843 ;    ;    ; 14.904 ;
; num7[7]    ; OUT         ; 12.676 ;    ;    ; 12.854 ;
; num8[0]    ; OUT         ; 13.738 ;    ;    ; 14.505 ;
; num8[1]    ; OUT         ; 13.456 ;    ;    ; 14.132 ;
; num8[2]    ; OUT         ; 14.754 ;    ;    ; 14.854 ;
; num8[3]    ; OUT         ; 13.141 ;    ;    ; 13.168 ;
; num8[4]    ; OUT         ; 15.932 ;    ;    ; 15.928 ;
; num8[5]    ; OUT         ; 13.416 ;    ;    ; 13.505 ;
; num8[6]    ; OUT         ; 12.258 ;    ;    ; 12.387 ;
; num8[7]    ; OUT         ; 12.752 ;    ;    ; 13.048 ;
+------------+-------------+--------+----+----+--------+


+------------------------------------------------------+
; Minimum Propagation Delay                            ;
+------------+-------------+--------+----+----+--------+
; Input Port ; Output Port ; RR     ; RF ; FR ; FF     ;
+------------+-------------+--------+----+----+--------+
; num1[0]    ; OUT         ; 9.465  ;    ;    ; 9.578  ;
; num1[1]    ; OUT         ; 9.944  ;    ;    ; 10.182 ;
; num1[2]    ; OUT         ; 10.154 ;    ;    ; 10.313 ;
; num1[3]    ; OUT         ; 9.887  ;    ;    ; 10.117 ;
; num1[4]    ; OUT         ; 9.962  ;    ;    ; 10.175 ;
; num1[5]    ; OUT         ; 10.548 ;    ;    ; 10.741 ;
; num1[6]    ; OUT         ; 9.432  ;    ;    ; 9.640  ;
; num1[7]    ; OUT         ; 9.394  ;    ;    ; 9.708  ;
; num2[0]    ; OUT         ; 9.971  ;    ;    ; 10.006 ;
; num2[1]    ; OUT         ; 10.010 ;    ;    ; 9.994  ;
; num2[2]    ; OUT         ; 9.321  ;    ;    ; 9.369  ;
; num2[3]    ; OUT         ; 10.611 ;    ;    ; 10.454 ;
; num2[4]    ; OUT         ; 10.652 ;    ;    ; 10.653 ;
; num2[5]    ; OUT         ; 10.996 ;    ;    ; 11.067 ;
; num2[6]    ; OUT         ; 9.461  ;    ;    ; 9.504  ;
; num2[7]    ; OUT         ; 9.313  ;    ;    ; 9.429  ;
; num3[0]    ; OUT         ; 10.111 ;    ;    ; 10.186 ;
; num3[1]    ; OUT         ; 10.083 ;    ;    ; 10.065 ;
; num3[2]    ; OUT         ; 10.418 ;    ;    ; 10.489 ;
; num3[3]    ; OUT         ; 10.860 ;    ;    ; 10.742 ;
; num3[4]    ; OUT         ; 10.767 ;    ;    ; 10.747 ;
; num3[5]    ; OUT         ; 11.118 ;    ;    ; 11.337 ;
; num3[6]    ; OUT         ; 9.861  ;    ;    ; 9.929  ;
; num3[7]    ; OUT         ; 10.203 ;    ;    ; 10.279 ;
; num4[0]    ; OUT         ; 9.870  ;    ;    ; 9.863  ;
; num4[1]    ; OUT         ; 9.938  ;    ;    ; 10.051 ;
; num4[2]    ; OUT         ; 9.606  ;    ;    ; 9.565  ;
; num4[3]    ; OUT         ; 9.865  ;    ;    ; 9.765  ;
; num4[4]    ; OUT         ; 10.949 ;    ;    ; 11.057 ;
; num4[5]    ; OUT         ; 10.717 ;    ;    ; 10.665 ;
; num4[6]    ; OUT         ; 9.332  ;    ;    ; 9.365  ;
; num4[7]    ; OUT         ; 9.400  ;    ;    ; 9.468  ;
; num5[0]    ; OUT         ; 10.639 ;    ;    ; 10.701 ;
; num5[1]    ; OUT         ; 10.320 ;    ;    ; 10.413 ;
; num5[2]    ; OUT         ; 10.103 ;    ;    ; 10.151 ;
; num5[3]    ; OUT         ; 10.948 ;    ;    ; 10.851 ;
; num5[4]    ; OUT         ; 10.816 ;    ;    ; 10.618 ;
; num5[5]    ; OUT         ; 10.941 ;    ;    ; 10.852 ;
; num5[6]    ; OUT         ; 10.181 ;    ;    ; 10.232 ;
; num5[7]    ; OUT         ; 9.708  ;    ;    ; 9.686  ;
; num6[0]    ; OUT         ; 11.311 ;    ;    ; 11.621 ;
; num6[1]    ; OUT         ; 9.930  ;    ;    ; 9.850  ;
; num6[2]    ; OUT         ; 9.738  ;    ;    ; 9.621  ;
; num6[3]    ; OUT         ; 10.661 ;    ;    ; 10.545 ;
; num6[4]    ; OUT         ; 11.449 ;    ;    ; 11.517 ;
; num6[5]    ; OUT         ; 10.395 ;    ;    ; 10.215 ;
; num6[6]    ; OUT         ; 10.295 ;    ;    ; 10.325 ;
; num6[7]    ; OUT         ; 10.658 ;    ;    ; 10.790 ;
; num7[0]    ; OUT         ; 9.945  ;    ;    ; 10.036 ;
; num7[1]    ; OUT         ; 10.401 ;    ;    ; 10.684 ;
; num7[2]    ; OUT         ; 10.376 ;    ;    ; 10.441 ;
; num7[3]    ; OUT         ; 11.322 ;    ;    ; 11.471 ;
; num7[4]    ; OUT         ; 11.167 ;    ;    ; 11.302 ;
; num7[5]    ; OUT         ; 11.406 ;    ;    ; 11.583 ;
; num7[6]    ; OUT         ; 10.150 ;    ;    ; 10.189 ;
; num7[7]    ; OUT         ; 10.000 ;    ;    ; 10.056 ;
; num8[0]    ; OUT         ; 10.896 ;    ;    ; 11.287 ;
; num8[1]    ; OUT         ; 10.633 ;    ;    ; 10.950 ;
; num8[2]    ; OUT         ; 9.993  ;    ;    ; 10.081 ;
; num8[3]    ; OUT         ; 10.346 ;    ;    ; 10.304 ;
; num8[4]    ; OUT         ; 10.944 ;    ;    ; 10.954 ;
; num8[5]    ; OUT         ; 10.544 ;    ;    ; 10.574 ;
; num8[6]    ; OUT         ; 9.657  ;    ;    ; 9.691  ;
; num8[7]    ; OUT         ; 10.062 ;    ;    ; 10.152 ;
+------------+-------------+--------+----+----+--------+


----------------------------------------------
; Slow 1100mV 85C Model Metastability Report ;
----------------------------------------------
No synchronizer chains to report.


+------------------------------------------------------------+
; Slow 1100mV 0C Model Fmax Summary                          ;
+------------+-----------------+----------------------+------+
; Fmax       ; Restricted Fmax ; Clock Name           ; Note ;
+------------+-----------------+----------------------+------+
; 227.38 MHz ; 227.38 MHz      ; clk_for_generate_num ;      ;
+------------+-----------------+----------------------+------+
This panel reports FMAX for every clock in the design, regardless of the user-specified clock periods.  FMAX is only computed for paths where the source and destination registers or ports are driven by the same clock.  Paths of different clocks, including generated clocks, are ignored.  For paths between a clock and its inversion, FMAX is computed as if the rising and falling edges are scaled along with FMAX, such that the duty cycle (in terms of a percentage) is maintained. Altera recommends that you always use clock constraints and other slack reports for sign-off analysis.


+-----------------------------------------------+
; Slow 1100mV 0C Model Setup Summary            ;
+----------------------+--------+---------------+
; Clock                ; Slack  ; End Point TNS ;
+----------------------+--------+---------------+
; clk_for_generate_num ; -3.398 ; -36.800       ;
+----------------------+--------+---------------+


+----------------------------------------------+
; Slow 1100mV 0C Model Hold Summary            ;
+----------------------+-------+---------------+
; Clock                ; Slack ; End Point TNS ;
+----------------------+-------+---------------+
; clk_for_generate_num ; 0.596 ; 0.000         ;
+----------------------+-------+---------------+


-----------------------------------------
; Slow 1100mV 0C Model Recovery Summary ;
-----------------------------------------
No paths to report.


----------------------------------------
; Slow 1100mV 0C Model Removal Summary ;
----------------------------------------
No paths to report.


+--------------------------------------------------+
; Slow 1100mV 0C Model Minimum Pulse Width Summary ;
+----------------------+--------+------------------+
; Clock                ; Slack  ; End Point TNS    ;
+----------------------+--------+------------------+
; clk_for_generate_num ; -3.166 ; -56.719          ;
+----------------------+--------+------------------+


+----------------------------------------------------------------------------------------+
; Clock to Output Times                                                                  ;
+-----------+----------------------+--------+--------+------------+----------------------+
; Data Port ; Clock Port           ; Rise   ; Fall   ; Clock Edge ; Clock Reference      ;
+-----------+----------------------+--------+--------+------------+----------------------+
; OUT       ; clk_for_generate_num ; 16.324 ; 16.684 ; Rise       ; clk_for_generate_num ;
+-----------+----------------------+--------+--------+------------+----------------------+


+----------------------------------------------------------------------------------------+
; Minimum Clock to Output Times                                                          ;
+-----------+----------------------+--------+--------+------------+----------------------+
; Data Port ; Clock Port           ; Rise   ; Fall   ; Clock Edge ; Clock Reference      ;
+-----------+----------------------+--------+--------+------------+----------------------+
; OUT       ; clk_for_generate_num ; 10.454 ; 10.785 ; Rise       ; clk_for_generate_num ;
+-----------+----------------------+--------+--------+------------+----------------------+


+------------------------------------------------------+
; Propagation Delay                                    ;
+------------+-------------+--------+----+----+--------+
; Input Port ; Output Port ; RR     ; RF ; FR ; FF     ;
+------------+-------------+--------+----+----+--------+
; num1[0]    ; OUT         ; 11.871 ;    ;    ; 12.158 ;
; num1[1]    ; OUT         ; 12.530 ;    ;    ; 12.976 ;
; num1[2]    ; OUT         ; 14.802 ;    ;    ; 15.016 ;
; num1[3]    ; OUT         ; 12.517 ;    ;    ; 12.830 ;
; num1[4]    ; OUT         ; 12.624 ;    ;    ; 12.814 ;
; num1[5]    ; OUT         ; 15.272 ;    ;    ; 15.450 ;
; num1[6]    ; OUT         ; 11.732 ;    ;    ; 12.132 ;
; num1[7]    ; OUT         ; 11.883 ;    ;    ; 12.396 ;
; num2[0]    ; OUT         ; 14.369 ;    ;    ; 14.627 ;
; num2[1]    ; OUT         ; 14.333 ;    ;    ; 14.575 ;
; num2[2]    ; OUT         ; 11.710 ;    ;    ; 11.839 ;
; num2[3]    ; OUT         ; 15.447 ;    ;    ; 15.283 ;
; num2[4]    ; OUT         ; 13.435 ;    ;    ; 13.615 ;
; num2[5]    ; OUT         ; 13.951 ;    ;    ; 14.130 ;
; num2[6]    ; OUT         ; 11.839 ;    ;    ; 12.076 ;
; num2[7]    ; OUT         ; 11.881 ;    ;    ; 12.139 ;
; num3[0]    ; OUT         ; 14.821 ;    ;    ; 14.922 ;
; num3[1]    ; OUT         ; 14.618 ;    ;    ; 14.720 ;
; num3[2]    ; OUT         ; 15.165 ;    ;    ; 15.386 ;
; num3[3]    ; OUT         ; 15.722 ;    ;    ; 15.512 ;
; num3[4]    ; OUT         ; 15.779 ;    ;    ; 15.575 ;
; num3[5]    ; OUT         ; 14.178 ;    ;    ; 14.561 ;
; num3[6]    ; OUT         ; 14.204 ;    ;    ; 14.370 ;
; num3[7]    ; OUT         ; 14.779 ;    ;    ; 14.910 ;
; num4[0]    ; OUT         ; 12.196 ;    ;    ; 12.343 ;
; num4[1]    ; OUT         ; 14.395 ;    ;    ; 14.736 ;
; num4[2]    ; OUT         ; 11.780 ;    ;    ; 12.011 ;
; num4[3]    ; OUT         ; 12.663 ;    ;    ; 12.499 ;
; num4[4]    ; OUT         ; 14.006 ;    ;    ; 14.137 ;
; num4[5]    ; OUT         ; 15.681 ;    ;    ; 15.499 ;
; num4[6]    ; OUT         ; 11.755 ;    ;    ; 12.026 ;
; num4[7]    ; OUT         ; 11.778 ;    ;    ; 12.047 ;
; num5[0]    ; OUT         ; 15.231 ;    ;    ; 15.696 ;
; num5[1]    ; OUT         ; 12.810 ;    ;    ; 13.299 ;
; num5[2]    ; OUT         ; 14.604 ;    ;    ; 14.954 ;
; num5[3]    ; OUT         ; 13.967 ;    ;    ; 13.897 ;
; num5[4]    ; OUT         ; 15.680 ;    ;    ; 15.530 ;
; num5[5]    ; OUT         ; 13.900 ;    ;    ; 13.962 ;
; num5[6]    ; OUT         ; 14.761 ;    ;    ; 14.986 ;
; num5[7]    ; OUT         ; 12.267 ;    ;    ; 12.427 ;
; num6[0]    ; OUT         ; 14.159 ;    ;    ; 14.906 ;
; num6[1]    ; OUT         ; 12.476 ;    ;    ; 12.578 ;
; num6[2]    ; OUT         ; 12.307 ;    ;    ; 12.232 ;
; num6[3]    ; OUT         ; 13.708 ;    ;    ; 13.427 ;
; num6[4]    ; OUT         ; 14.610 ;    ;    ; 14.831 ;
; num6[5]    ; OUT         ; 13.217 ;    ;    ; 12.983 ;
; num6[6]    ; OUT         ; 14.954 ;    ;    ; 15.092 ;
; num6[7]    ; OUT         ; 15.450 ;    ;    ; 15.700 ;
; num7[0]    ; OUT         ; 12.535 ;    ;    ; 12.759 ;
; num7[1]    ; OUT         ; 13.153 ;    ;    ; 13.689 ;
; num7[2]    ; OUT         ; 15.010 ;    ;    ; 15.188 ;
; num7[3]    ; OUT         ; 14.479 ;    ;    ; 14.791 ;
; num7[4]    ; OUT         ; 14.363 ;    ;    ; 14.502 ;
; num7[5]    ; OUT         ; 14.606 ;    ;    ; 14.860 ;
; num7[6]    ; OUT         ; 14.769 ;    ;    ; 14.886 ;
; num7[7]    ; OUT         ; 12.660 ;    ;    ; 12.901 ;
; num8[0]    ; OUT         ; 13.528 ;    ;    ; 14.524 ;
; num8[1]    ; OUT         ; 13.222 ;    ;    ; 14.154 ;
; num8[2]    ; OUT         ; 14.549 ;    ;    ; 14.765 ;
; num8[3]    ; OUT         ; 13.008 ;    ;    ; 13.122 ;
; num8[4]    ; OUT         ; 15.833 ;    ;    ; 15.877 ;
; num8[5]    ; OUT         ; 13.339 ;    ;    ; 13.542 ;
; num8[6]    ; OUT         ; 12.118 ;    ;    ; 12.370 ;
; num8[7]    ; OUT         ; 12.675 ;    ;    ; 13.118 ;
+------------+-------------+--------+----+----+--------+


+------------------------------------------------------+
; Minimum Propagation Delay                            ;
+------------+-------------+--------+----+----+--------+
; Input Port ; Output Port ; RR     ; RF ; FR ; FF     ;
+------------+-------------+--------+----+----+--------+
; num1[0]    ; OUT         ; 9.317  ;    ;    ; 9.495  ;
; num1[1]    ; OUT         ; 9.865  ;    ;    ; 10.175 ;
; num1[2]    ; OUT         ; 10.020 ;    ;    ; 10.269 ;
; num1[3]    ; OUT         ; 9.818  ;    ;    ; 10.064 ;
; num1[4]    ; OUT         ; 9.832  ;    ;    ; 10.072 ;
; num1[5]    ; OUT         ; 10.412 ;    ;    ; 10.650 ;
; num1[6]    ; OUT         ; 9.224  ;    ;    ; 9.518  ;
; num1[7]    ; OUT         ; 9.163  ;    ;    ; 9.543  ;
; num2[0]    ; OUT         ; 9.794  ;    ;    ; 9.905  ;
; num2[1]    ; OUT         ; 9.790  ;    ;    ; 9.842  ;
; num2[2]    ; OUT         ; 9.123  ;    ;    ; 9.229  ;
; num2[3]    ; OUT         ; 10.421 ;    ;    ; 10.329 ;
; num2[4]    ; OUT         ; 10.438 ;    ;    ; 10.523 ;
; num2[5]    ; OUT         ; 10.785 ;    ;    ; 10.981 ;
; num2[6]    ; OUT         ; 9.291  ;    ;    ; 9.399  ;
; num2[7]    ; OUT         ; 9.169  ;    ;    ; 9.315  ;
; num3[0]    ; OUT         ; 9.876  ;    ;    ; 10.094 ;
; num3[1]    ; OUT         ; 9.814  ;    ;    ; 9.920  ;
; num3[2]    ; OUT         ; 10.260 ;    ;    ; 10.451 ;
; num3[3]    ; OUT         ; 10.701 ;    ;    ; 10.611 ;
; num3[4]    ; OUT         ; 10.603 ;    ;    ; 10.637 ;
; num3[5]    ; OUT         ; 11.004 ;    ;    ; 11.306 ;
; num3[6]    ; OUT         ; 9.642  ;    ;    ; 9.757  ;
; num3[7]    ; OUT         ; 10.054 ;    ;    ; 10.175 ;
; num4[0]    ; OUT         ; 9.530  ;    ;    ; 9.682  ;
; num4[1]    ; OUT         ; 9.767  ;    ;    ; 9.959  ;
; num4[2]    ; OUT         ; 9.271  ;    ;    ; 9.365  ;
; num4[3]    ; OUT         ; 9.741  ;    ;    ; 9.659  ;
; num4[4]    ; OUT         ; 10.838 ;    ;    ; 10.987 ;
; num4[5]    ; OUT         ; 10.572 ;    ;    ; 10.555 ;
; num4[6]    ; OUT         ; 9.207  ;    ;    ; 9.312  ;
; num4[7]    ; OUT         ; 9.242  ;    ;    ; 9.374  ;
; num5[0]    ; OUT         ; 10.550 ;    ;    ; 10.693 ;
; num5[1]    ; OUT         ; 10.052 ;    ;    ; 10.293 ;
; num5[2]    ; OUT         ; 9.984  ;    ;    ; 10.104 ;
; num5[3]    ; OUT         ; 10.796 ;    ;    ; 10.786 ;
; num5[4]    ; OUT         ; 10.648 ;    ;    ; 10.493 ;
; num5[5]    ; OUT         ; 10.795 ;    ;    ; 10.794 ;
; num5[6]    ; OUT         ; 10.020 ;    ;    ; 10.150 ;
; num5[7]    ; OUT         ; 9.619  ;    ;    ; 9.663  ;
; num6[0]    ; OUT         ; 11.167 ;    ;    ; 11.635 ;
; num6[1]    ; OUT         ; 9.831  ;    ;    ; 9.832  ;
; num6[2]    ; OUT         ; 9.596  ;    ;    ; 9.571  ;
; num6[3]    ; OUT         ; 10.560 ;    ;    ; 10.511 ;
; num6[4]    ; OUT         ; 11.391 ;    ;    ; 11.553 ;
; num6[5]    ; OUT         ; 10.219 ;    ;    ; 10.100 ;
; num6[6]    ; OUT         ; 10.235 ;    ;    ; 10.325 ;
; num6[7]    ; OUT         ; 10.616 ;    ;    ; 10.813 ;
; num7[0]    ; OUT         ; 9.873  ;    ;    ; 10.035 ;
; num7[1]    ; OUT         ; 10.271 ;    ;    ; 10.672 ;
; num7[2]    ; OUT         ; 10.292 ;    ;    ; 10.432 ;
; num7[3]    ; OUT         ; 11.263 ;    ;    ; 11.491 ;
; num7[4]    ; OUT         ; 11.074 ;    ;    ; 11.275 ;
; num7[5]    ; OUT         ; 11.302 ;    ;    ; 11.586 ;
; num7[6]    ; OUT         ; 10.044 ;    ;    ; 10.144 ;
; num7[7]    ; OUT         ; 9.958  ;    ;    ; 10.067 ;
; num8[0]    ; OUT         ; 10.752 ;    ;    ; 11.275 ;
; num8[1]    ; OUT         ; 10.454 ;    ;    ; 10.935 ;
; num8[2]    ; OUT         ; 9.823  ;    ;    ; 9.981  ;
; num8[3]    ; OUT         ; 10.264 ;    ;    ; 10.233 ;
; num8[4]    ; OUT         ; 10.869 ;    ;    ; 10.920 ;
; num8[5]    ; OUT         ; 10.511 ;    ;    ; 10.566 ;
; num8[6]    ; OUT         ; 9.563  ;    ;    ; 9.649  ;
; num8[7]    ; OUT         ; 10.030 ;    ;    ; 10.184 ;
+------------+-------------+--------+----+----+--------+


---------------------------------------------
; Slow 1100mV 0C Model Metastability Report ;
---------------------------------------------
No synchronizer chains to report.


+-----------------------------------------------+
; Fast 1100mV 85C Model Setup Summary           ;
+----------------------+--------+---------------+
; Clock                ; Slack  ; End Point TNS ;
+----------------------+--------+---------------+
; clk_for_generate_num ; -0.993 ; -8.994        ;
+----------------------+--------+---------------+


+----------------------------------------------+
; Fast 1100mV 85C Model Hold Summary           ;
+----------------------+-------+---------------+
; Clock                ; Slack ; End Point TNS ;
+----------------------+-------+---------------+
; clk_for_generate_num ; 0.190 ; 0.000         ;
+----------------------+-------+---------------+


------------------------------------------
; Fast 1100mV 85C Model Recovery Summary ;
------------------------------------------
No paths to report.


-----------------------------------------
; Fast 1100mV 85C Model Removal Summary ;
-----------------------------------------
No paths to report.


+---------------------------------------------------+
; Fast 1100mV 85C Model Minimum Pulse Width Summary ;
+----------------------+--------+-------------------+
; Clock                ; Slack  ; End Point TNS     ;
+----------------------+--------+-------------------+
; clk_for_generate_num ; -2.174 ; -31.540           ;
+----------------------+--------+-------------------+


+--------------------------------------------------------------------------------------+
; Clock to Output Times                                                                ;
+-----------+----------------------+-------+-------+------------+----------------------+
; Data Port ; Clock Port           ; Rise  ; Fall  ; Clock Edge ; Clock Reference      ;
+-----------+----------------------+-------+-------+------------+----------------------+
; OUT       ; clk_for_generate_num ; 7.183 ; 7.473 ; Rise       ; clk_for_generate_num ;
+-----------+----------------------+-------+-------+------------+----------------------+


+--------------------------------------------------------------------------------------+
; Minimum Clock to Output Times                                                        ;
+-----------+----------------------+-------+-------+------------+----------------------+
; Data Port ; Clock Port           ; Rise  ; Fall  ; Clock Edge ; Clock Reference      ;
+-----------+----------------------+-------+-------+------------+----------------------+
; OUT       ; clk_for_generate_num ; 4.834 ; 5.012 ; Rise       ; clk_for_generate_num ;
+-----------+----------------------+-------+-------+------------+----------------------+


+----------------------------------------------------+
; Propagation Delay                                  ;
+------------+-------------+-------+----+----+-------+
; Input Port ; Output Port ; RR    ; RF ; FR ; FF    ;
+------------+-------------+-------+----+----+-------+
; num1[0]    ; OUT         ; 5.252 ;    ;    ; 5.855 ;
; num1[1]    ; OUT         ; 5.520 ;    ;    ; 6.176 ;
; num1[2]    ; OUT         ; 6.369 ;    ;    ; 6.927 ;
; num1[3]    ; OUT         ; 5.482 ;    ;    ; 6.020 ;
; num1[4]    ; OUT         ; 5.592 ;    ;    ; 6.084 ;
; num1[5]    ; OUT         ; 6.635 ;    ;    ; 7.149 ;
; num1[6]    ; OUT         ; 5.309 ;    ;    ; 6.045 ;
; num1[7]    ; OUT         ; 5.330 ;    ;    ; 6.075 ;
; num2[0]    ; OUT         ; 6.256 ;    ;    ; 6.840 ;
; num2[1]    ; OUT         ; 6.328 ;    ;    ; 6.960 ;
; num2[2]    ; OUT         ; 5.283 ;    ;    ; 5.831 ;
; num2[3]    ; OUT         ; 6.793 ;    ;    ; 7.153 ;
; num2[4]    ; OUT         ; 6.294 ;    ;    ; 6.934 ;
; num2[5]    ; OUT         ; 6.511 ;    ;    ; 7.156 ;
; num2[6]    ; OUT         ; 5.323 ;    ;    ; 5.984 ;
; num2[7]    ; OUT         ; 5.201 ;    ;    ; 5.814 ;
; num3[0]    ; OUT         ; 6.389 ;    ;    ; 6.918 ;
; num3[1]    ; OUT         ; 6.346 ;    ;    ; 6.897 ;
; num3[2]    ; OUT         ; 6.475 ;    ;    ; 7.071 ;
; num3[3]    ; OUT         ; 6.908 ;    ;    ; 7.265 ;
; num3[4]    ; OUT         ; 6.927 ;    ;    ; 7.273 ;
; num3[5]    ; OUT         ; 6.545 ;    ;    ; 7.231 ;
; num3[6]    ; OUT         ; 6.232 ;    ;    ; 6.857 ;
; num3[7]    ; OUT         ; 6.367 ;    ;    ; 6.986 ;
; num4[0]    ; OUT         ; 5.526 ;    ;    ; 6.141 ;
; num4[1]    ; OUT         ; 6.312 ;    ;    ; 6.956 ;
; num4[2]    ; OUT         ; 5.386 ;    ;    ; 6.062 ;
; num4[3]    ; OUT         ; 5.682 ;    ;    ; 6.028 ;
; num4[4]    ; OUT         ; 6.509 ;    ;    ; 7.137 ;
; num4[5]    ; OUT         ; 6.909 ;    ;    ; 7.301 ;
; num4[6]    ; OUT         ; 5.151 ;    ;    ; 5.772 ;
; num4[7]    ; OUT         ; 5.298 ;    ;    ; 5.975 ;
; num5[0]    ; OUT         ; 6.558 ;    ;    ; 7.254 ;
; num5[1]    ; OUT         ; 5.762 ;    ;    ; 6.538 ;
; num5[2]    ; OUT         ; 6.298 ;    ;    ; 6.890 ;
; num5[3]    ; OUT         ; 6.297 ;    ;    ; 6.738 ;
; num5[4]    ; OUT         ; 6.908 ;    ;    ; 7.281 ;
; num5[5]    ; OUT         ; 6.214 ;    ;    ; 6.696 ;
; num5[6]    ; OUT         ; 6.443 ;    ;    ; 7.101 ;
; num5[7]    ; OUT         ; 5.336 ;    ;    ; 5.929 ;
; num6[0]    ; OUT         ; 6.477 ;    ;    ; 7.537 ;
; num6[1]    ; OUT         ; 5.434 ;    ;    ; 5.986 ;
; num6[2]    ; OUT         ; 5.405 ;    ;    ; 5.902 ;
; num6[3]    ; OUT         ; 6.044 ;    ;    ; 6.403 ;
; num6[4]    ; OUT         ; 6.586 ;    ;    ; 7.243 ;
; num6[5]    ; OUT         ; 5.908 ;    ;    ; 6.283 ;
; num6[6]    ; OUT         ; 6.377 ;    ;    ; 6.992 ;
; num6[7]    ; OUT         ; 6.600 ;    ;    ; 7.284 ;
; num7[0]    ; OUT         ; 5.464 ;    ;    ; 6.053 ;
; num7[1]    ; OUT         ; 5.969 ;    ;    ; 6.827 ;
; num7[2]    ; OUT         ; 6.420 ;    ;    ; 6.983 ;
; num7[3]    ; OUT         ; 6.544 ;    ;    ; 7.240 ;
; num7[4]    ; OUT         ; 6.529 ;    ;    ; 7.152 ;
; num7[5]    ; OUT         ; 6.666 ;    ;    ; 7.375 ;
; num7[6]    ; OUT         ; 6.309 ;    ;    ; 6.909 ;
; num7[7]    ; OUT         ; 5.483 ;    ;    ; 6.126 ;
; num8[0]    ; OUT         ; 6.258 ;    ;    ; 7.317 ;
; num8[1]    ; OUT         ; 6.044 ;    ;    ; 7.041 ;
; num8[2]    ; OUT         ; 6.361 ;    ;    ; 6.917 ;
; num8[3]    ; OUT         ; 5.849 ;    ;    ; 6.313 ;
; num8[4]    ; OUT         ; 6.906 ;    ;    ; 7.329 ;
; num8[5]    ; OUT         ; 5.913 ;    ;    ; 6.382 ;
; num8[6]    ; OUT         ; 5.313 ;    ;    ; 5.951 ;
; num8[7]    ; OUT         ; 5.521 ;    ;    ; 6.239 ;
+------------+-------------+-------+----+----+-------+


+----------------------------------------------------+
; Minimum Propagation Delay                          ;
+------------+-------------+-------+----+----+-------+
; Input Port ; Output Port ; RR    ; RF ; FR ; FF    ;
+------------+-------------+-------+----+----+-------+
; num1[0]    ; OUT         ; 4.304 ;    ;    ; 4.862 ;
; num1[1]    ; OUT         ; 4.534 ;    ;    ; 5.143 ;
; num1[2]    ; OUT         ; 4.562 ;    ;    ; 5.136 ;
; num1[3]    ; OUT         ; 4.485 ;    ;    ; 5.022 ;
; num1[4]    ; OUT         ; 4.547 ;    ;    ; 5.087 ;
; num1[5]    ; OUT         ; 4.790 ;    ;    ; 5.338 ;
; num1[6]    ; OUT         ; 4.352 ;    ;    ; 5.024 ;
; num1[7]    ; OUT         ; 4.338 ;    ;    ; 5.003 ;
; num2[0]    ; OUT         ; 4.532 ;    ;    ; 5.058 ;
; num2[1]    ; OUT         ; 4.599 ;    ;    ; 5.136 ;
; num2[2]    ; OUT         ; 4.309 ;    ;    ; 4.848 ;
; num2[3]    ; OUT         ; 4.887 ;    ;    ; 5.296 ;
; num2[4]    ; OUT         ; 5.129 ;    ;    ; 5.707 ;
; num2[5]    ; OUT         ; 5.274 ;    ;    ; 5.898 ;
; num2[6]    ; OUT         ; 4.365 ;    ;    ; 4.956 ;
; num2[7]    ; OUT         ; 4.239 ;    ;    ; 4.792 ;
; num3[0]    ; OUT         ; 4.548 ;    ;    ; 5.128 ;
; num3[1]    ; OUT         ; 4.560 ;    ;    ; 5.105 ;
; num3[2]    ; OUT         ; 4.656 ;    ;    ; 5.246 ;
; num3[3]    ; OUT         ; 5.006 ;    ;    ; 5.424 ;
; num3[4]    ; OUT         ; 4.960 ;    ;    ; 5.417 ;
; num3[5]    ; OUT         ; 5.326 ;    ;    ; 5.963 ;
; num3[6]    ; OUT         ; 4.503 ;    ;    ; 5.088 ;
; num3[7]    ; OUT         ; 4.600 ;    ;    ; 5.186 ;
; num4[0]    ; OUT         ; 4.515 ;    ;    ; 5.138 ;
; num4[1]    ; OUT         ; 4.551 ;    ;    ; 5.129 ;
; num4[2]    ; OUT         ; 4.434 ;    ;    ; 5.047 ;
; num4[3]    ; OUT         ; 4.589 ;    ;    ; 4.996 ;
; num4[4]    ; OUT         ; 5.274 ;    ;    ; 5.895 ;
; num4[5]    ; OUT         ; 4.961 ;    ;    ; 5.434 ;
; num4[6]    ; OUT         ; 4.214 ;    ;    ; 4.769 ;
; num4[7]    ; OUT         ; 4.346 ;    ;    ; 4.952 ;
; num5[0]    ; OUT         ; 4.787 ;    ;    ; 5.353 ;
; num5[1]    ; OUT         ; 4.711 ;    ;    ; 5.379 ;
; num5[2]    ; OUT         ; 4.564 ;    ;    ; 5.069 ;
; num5[3]    ; OUT         ; 5.091 ;    ;    ; 5.567 ;
; num5[4]    ; OUT         ; 4.996 ;    ;    ; 5.376 ;
; num5[5]    ; OUT         ; 5.050 ;    ;    ; 5.522 ;
; num5[6]    ; OUT         ; 4.631 ;    ;    ; 5.230 ;
; num5[7]    ; OUT         ; 4.353 ;    ;    ; 4.894 ;
; num6[0]    ; OUT         ; 5.324 ;    ;    ; 6.218 ;
; num6[1]    ; OUT         ; 4.475 ;    ;    ; 4.973 ;
; num6[2]    ; OUT         ; 4.405 ;    ;    ; 4.898 ;
; num6[3]    ; OUT         ; 4.876 ;    ;    ; 5.331 ;
; num6[4]    ; OUT         ; 5.372 ;    ;    ; 5.978 ;
; num6[5]    ; OUT         ; 4.802 ;    ;    ; 5.219 ;
; num6[6]    ; OUT         ; 4.616 ;    ;    ; 5.194 ;
; num6[7]    ; OUT         ; 4.788 ;    ;    ; 5.424 ;
; num7[0]    ; OUT         ; 4.492 ;    ;    ; 5.044 ;
; num7[1]    ; OUT         ; 4.867 ;    ;    ; 5.627 ;
; num7[2]    ; OUT         ; 4.662 ;    ;    ; 5.200 ;
; num7[3]    ; OUT         ; 5.332 ;    ;    ; 5.966 ;
; num7[4]    ; OUT         ; 5.279 ;    ;    ; 5.904 ;
; num7[5]    ; OUT         ; 5.406 ;    ;    ; 6.084 ;
; num7[6]    ; OUT         ; 4.550 ;    ;    ; 5.116 ;
; num7[7]    ; OUT         ; 4.510 ;    ;    ; 5.085 ;
; num8[0]    ; OUT         ; 5.174 ;    ;    ; 6.011 ;
; num8[1]    ; OUT         ; 4.969 ;    ;    ; 5.753 ;
; num8[2]    ; OUT         ; 4.563 ;    ;    ; 5.099 ;
; num8[3]    ; OUT         ; 4.795 ;    ;    ; 5.218 ;
; num8[4]    ; OUT         ; 4.997 ;    ;    ; 5.439 ;
; num8[5]    ; OUT         ; 4.837 ;    ;    ; 5.276 ;
; num8[6]    ; OUT         ; 4.369 ;    ;    ; 4.928 ;
; num8[7]    ; OUT         ; 4.539 ;    ;    ; 5.136 ;
+------------+-------------+-------+----+----+-------+


----------------------------------------------
; Fast 1100mV 85C Model Metastability Report ;
----------------------------------------------
No synchronizer chains to report.


+-----------------------------------------------+
; Fast 1100mV 0C Model Setup Summary            ;
+----------------------+--------+---------------+
; Clock                ; Slack  ; End Point TNS ;
+----------------------+--------+---------------+
; clk_for_generate_num ; -0.943 ; -8.558        ;
+----------------------+--------+---------------+


+----------------------------------------------+
; Fast 1100mV 0C Model Hold Summary            ;
+----------------------+-------+---------------+
; Clock                ; Slack ; End Point TNS ;
+----------------------+-------+---------------+
; clk_for_generate_num ; 0.181 ; 0.000         ;
+----------------------+-------+---------------+


-----------------------------------------
; Fast 1100mV 0C Model Recovery Summary ;
-----------------------------------------
No paths to report.


----------------------------------------
; Fast 1100mV 0C Model Removal Summary ;
----------------------------------------
No paths to report.


+--------------------------------------------------+
; Fast 1100mV 0C Model Minimum Pulse Width Summary ;
+----------------------+--------+------------------+
; Clock                ; Slack  ; End Point TNS    ;
+----------------------+--------+------------------+
; clk_for_generate_num ; -2.174 ; -31.575          ;
+----------------------+--------+------------------+


+--------------------------------------------------------------------------------------+
; Clock to Output Times                                                                ;
+-----------+----------------------+-------+-------+------------+----------------------+
; Data Port ; Clock Port           ; Rise  ; Fall  ; Clock Edge ; Clock Reference      ;
+-----------+----------------------+-------+-------+------------+----------------------+
; OUT       ; clk_for_generate_num ; 6.917 ; 7.141 ; Rise       ; clk_for_generate_num ;
+-----------+----------------------+-------+-------+------------+----------------------+


+--------------------------------------------------------------------------------------+
; Minimum Clock to Output Times                                                        ;
+-----------+----------------------+-------+-------+------------+----------------------+
; Data Port ; Clock Port           ; Rise  ; Fall  ; Clock Edge ; Clock Reference      ;
+-----------+----------------------+-------+-------+------------+----------------------+
; OUT       ; clk_for_generate_num ; 4.583 ; 4.726 ; Rise       ; clk_for_generate_num ;
+-----------+----------------------+-------+-------+------------+----------------------+


+----------------------------------------------------+
; Propagation Delay                                  ;
+------------+-------------+-------+----+----+-------+
; Input Port ; Output Port ; RR    ; RF ; FR ; FF    ;
+------------+-------------+-------+----+----+-------+
; num1[0]    ; OUT         ; 5.017 ;    ;    ; 5.581 ;
; num1[1]    ; OUT         ; 5.309 ;    ;    ; 5.921 ;
; num1[2]    ; OUT         ; 6.131 ;    ;    ; 6.660 ;
; num1[3]    ; OUT         ; 5.243 ;    ;    ; 5.749 ;
; num1[4]    ; OUT         ; 5.358 ;    ;    ; 5.817 ;
; num1[5]    ; OUT         ; 6.399 ;    ;    ; 6.882 ;
; num1[6]    ; OUT         ; 5.085 ;    ;    ; 5.759 ;
; num1[7]    ; OUT         ; 5.097 ;    ;    ; 5.787 ;
; num2[0]    ; OUT         ; 6.043 ;    ;    ; 6.592 ;
; num2[1]    ; OUT         ; 6.102 ;    ;    ; 6.692 ;
; num2[2]    ; OUT         ; 5.066 ;    ;    ; 5.571 ;
; num2[3]    ; OUT         ; 6.534 ;    ;    ; 6.882 ;
; num2[4]    ; OUT         ; 6.029 ;    ;    ; 6.614 ;
; num2[5]    ; OUT         ; 6.255 ;    ;    ; 6.842 ;
; num2[6]    ; OUT         ; 5.116 ;    ;    ; 5.729 ;
; num2[7]    ; OUT         ; 5.000 ;    ;    ; 5.575 ;
; num3[0]    ; OUT         ; 6.166 ;    ;    ; 6.663 ;
; num3[1]    ; OUT         ; 6.129 ;    ;    ; 6.640 ;
; num3[2]    ; OUT         ; 6.257 ;    ;    ; 6.808 ;
; num3[3]    ; OUT         ; 6.647 ;    ;    ; 6.988 ;
; num3[4]    ; OUT         ; 6.656 ;    ;    ; 6.993 ;
; num3[5]    ; OUT         ; 6.286 ;    ;    ; 6.907 ;
; num3[6]    ; OUT         ; 6.017 ;    ;    ; 6.594 ;
; num3[7]    ; OUT         ; 6.131 ;    ;    ; 6.703 ;
; num4[0]    ; OUT         ; 5.229 ;    ;    ; 5.825 ;
; num4[1]    ; OUT         ; 6.081 ;    ;    ; 6.679 ;
; num4[2]    ; OUT         ; 5.097 ;    ;    ; 5.748 ;
; num4[3]    ; OUT         ; 5.431 ;    ;    ; 5.769 ;
; num4[4]    ; OUT         ; 6.258 ;    ;    ; 6.822 ;
; num4[5]    ; OUT         ; 6.669 ;    ;    ; 7.043 ;
; num4[6]    ; OUT         ; 4.931 ;    ;    ; 5.512 ;
; num4[7]    ; OUT         ; 5.093 ;    ;    ; 5.714 ;
; num5[0]    ; OUT         ; 6.325 ;    ;    ; 6.974 ;
; num5[1]    ; OUT         ; 5.491 ;    ;    ; 6.219 ;
; num5[2]    ; OUT         ; 6.068 ;    ;    ; 6.627 ;
; num5[3]    ; OUT         ; 6.016 ;    ;    ; 6.440 ;
; num5[4]    ; OUT         ; 6.660 ;    ;    ; 7.018 ;
; num5[5]    ; OUT         ; 5.924 ;    ;    ; 6.384 ;
; num5[6]    ; OUT         ; 6.221 ;    ;    ; 6.834 ;
; num5[7]    ; OUT         ; 5.114 ;    ;    ; 5.672 ;
; num6[0]    ; OUT         ; 6.221 ;    ;    ; 7.166 ;
; num6[1]    ; OUT         ; 5.218 ;    ;    ; 5.734 ;
; num6[2]    ; OUT         ; 5.163 ;    ;    ; 5.636 ;
; num6[3]    ; OUT         ; 5.791 ;    ;    ; 6.139 ;
; num6[4]    ; OUT         ; 6.340 ;    ;    ; 6.941 ;
; num6[5]    ; OUT         ; 5.666 ;    ;    ; 6.024 ;
; num6[6]    ; OUT         ; 6.167 ;    ;    ; 6.737 ;
; num6[7]    ; OUT         ; 6.375 ;    ;    ; 7.009 ;
; num7[0]    ; OUT         ; 5.244 ;    ;    ; 5.792 ;
; num7[1]    ; OUT         ; 5.724 ;    ;    ; 6.490 ;
; num7[2]    ; OUT         ; 6.199 ;    ;    ; 6.729 ;
; num7[3]    ; OUT         ; 6.310 ;    ;    ; 6.943 ;
; num7[4]    ; OUT         ; 6.288 ;    ;    ; 6.848 ;
; num7[5]    ; OUT         ; 6.415 ;    ;    ; 7.058 ;
; num7[6]    ; OUT         ; 6.104 ;    ;    ; 6.659 ;
; num7[7]    ; OUT         ; 5.283 ;    ;    ; 5.877 ;
; num8[0]    ; OUT         ; 6.009 ;    ;    ; 6.966 ;
; num8[1]    ; OUT         ; 5.799 ;    ;    ; 6.707 ;
; num8[2]    ; OUT         ; 6.140 ;    ;    ; 6.657 ;
; num8[3]    ; OUT         ; 5.598 ;    ;    ; 6.047 ;
; num8[4]    ; OUT         ; 6.655 ;    ;    ; 7.067 ;
; num8[5]    ; OUT         ; 5.671 ;    ;    ; 6.125 ;
; num8[6]    ; OUT         ; 5.098 ;    ;    ; 5.688 ;
; num8[7]    ; OUT         ; 5.312 ;    ;    ; 5.975 ;
+------------+-------------+-------+----+----+-------+


+----------------------------------------------------+
; Minimum Propagation Delay                          ;
+------------+-------------+-------+----+----+-------+
; Input Port ; Output Port ; RR    ; RF ; FR ; FF    ;
+------------+-------------+-------+----+----+-------+
; num1[0]    ; OUT         ; 4.081 ;    ;    ; 4.603 ;
; num1[1]    ; OUT         ; 4.336 ;    ;    ; 4.903 ;
; num1[2]    ; OUT         ; 4.341 ;    ;    ; 4.885 ;
; num1[3]    ; OUT         ; 4.264 ;    ;    ; 4.765 ;
; num1[4]    ; OUT         ; 4.335 ;    ;    ; 4.852 ;
; num1[5]    ; OUT         ; 4.578 ;    ;    ; 5.094 ;
; num1[6]    ; OUT         ; 4.135 ;    ;    ; 4.759 ;
; num1[7]    ; OUT         ; 4.109 ;    ;    ; 4.728 ;
; num2[0]    ; OUT         ; 4.327 ;    ;    ; 4.829 ;
; num2[1]    ; OUT         ; 4.383 ;    ;    ; 4.891 ;
; num2[2]    ; OUT         ; 4.104 ;    ;    ; 4.623 ;
; num2[3]    ; OUT         ; 4.642 ;    ;    ; 5.038 ;
; num2[4]    ; OUT         ; 4.878 ;    ;    ; 5.423 ;
; num2[5]    ; OUT         ; 5.039 ;    ;    ; 5.631 ;
; num2[6]    ; OUT         ; 4.169 ;    ;    ; 4.722 ;
; num2[7]    ; OUT         ; 4.042 ;    ;    ; 4.561 ;
; num3[0]    ; OUT         ; 4.332 ;    ;    ; 4.882 ;
; num3[1]    ; OUT         ; 4.345 ;    ;    ; 4.862 ;
; num3[2]    ; OUT         ; 4.439 ;    ;    ; 4.991 ;
; num3[3]    ; OUT         ; 4.759 ;    ;    ; 5.159 ;
; num3[4]    ; OUT         ; 4.708 ;    ;    ; 5.150 ;
; num3[5]    ; OUT         ; 5.079 ;    ;    ; 5.678 ;
; num3[6]    ; OUT         ; 4.298 ;    ;    ; 4.843 ;
; num3[7]    ; OUT         ; 4.375 ;    ;    ; 4.920 ;
; num4[0]    ; OUT         ; 4.238 ;    ;    ; 4.855 ;
; num4[1]    ; OUT         ; 4.329 ;    ;    ; 4.871 ;
; num4[2]    ; OUT         ; 4.161 ;    ;    ; 4.753 ;
; num4[3]    ; OUT         ; 4.353 ;    ;    ; 4.743 ;
; num4[4]    ; OUT         ; 5.040 ;    ;    ; 5.633 ;
; num4[5]    ; OUT         ; 4.740 ;    ;    ; 5.190 ;
; num4[6]    ; OUT         ; 4.001 ;    ;    ; 4.524 ;
; num4[7]    ; OUT         ; 4.148 ;    ;    ; 4.710 ;
; num5[0]    ; OUT         ; 4.568 ;    ;    ; 5.099 ;
; num5[1]    ; OUT         ; 4.464 ;    ;    ; 5.116 ;
; num5[2]    ; OUT         ; 4.347 ;    ;    ; 4.824 ;
; num5[3]    ; OUT         ; 4.835 ;    ;    ; 5.297 ;
; num5[4]    ; OUT         ; 4.765 ;    ;    ; 5.133 ;
; num5[5]    ; OUT         ; 4.780 ;    ;    ; 5.240 ;
; num5[6]    ; OUT         ; 4.429 ;    ;    ; 4.989 ;
; num5[7]    ; OUT         ; 4.149 ;    ;    ; 4.659 ;
; num6[0]    ; OUT         ; 5.087 ;    ;    ; 5.909 ;
; num6[1]    ; OUT         ; 4.269 ;    ;    ; 4.737 ;
; num6[2]    ; OUT         ; 4.180 ;    ;    ; 4.649 ;
; num6[3]    ; OUT         ; 4.643 ;    ;    ; 5.078 ;
; num6[4]    ; OUT         ; 5.141 ;    ;    ; 5.713 ;
; num6[5]    ; OUT         ; 4.572 ;    ;    ; 4.973 ;
; num6[6]    ; OUT         ; 4.416 ;    ;    ; 4.953 ;
; num6[7]    ; OUT         ; 4.578 ;    ;    ; 5.170 ;
; num7[0]    ; OUT         ; 4.284 ;    ;    ; 4.801 ;
; num7[1]    ; OUT         ; 4.639 ;    ;    ; 5.350 ;
; num7[2]    ; OUT         ; 4.452 ;    ;    ; 4.964 ;
; num7[3]    ; OUT         ; 5.114 ;    ;    ; 5.709 ;
; num7[4]    ; OUT         ; 5.056 ;    ;    ; 5.654 ;
; num7[5]    ; OUT         ; 5.177 ;    ;    ; 5.817 ;
; num7[6]    ; OUT         ; 4.354 ;    ;    ; 4.886 ;
; num7[7]    ; OUT         ; 4.318 ;    ;    ; 4.852 ;
; num8[0]    ; OUT         ; 4.942 ;    ;    ; 5.701 ;
; num8[1]    ; OUT         ; 4.742 ;    ;    ; 5.468 ;
; num8[2]    ; OUT         ; 4.359 ;    ;    ; 4.875 ;
; num8[3]    ; OUT         ; 4.572 ;    ;    ; 4.974 ;
; num8[4]    ; OUT         ; 4.779 ;    ;    ; 5.204 ;
; num8[5]    ; OUT         ; 4.624 ;    ;    ; 5.041 ;
; num8[6]    ; OUT         ; 4.167 ;    ;    ; 4.688 ;
; num8[7]    ; OUT         ; 4.343 ;    ;    ; 4.893 ;
+------------+-------------+-------+----+----+-------+


---------------------------------------------
; Fast 1100mV 0C Model Metastability Report ;
---------------------------------------------
No synchronizer chains to report.


+------------------------------------------------------------------------------------+
; Multicorner Timing Analysis Summary                                                ;
+-----------------------+---------+-------+----------+---------+---------------------+
; Clock                 ; Setup   ; Hold  ; Recovery ; Removal ; Minimum Pulse Width ;
+-----------------------+---------+-------+----------+---------+---------------------+
; Worst-case Slack      ; -3.398  ; 0.181 ; N/A      ; N/A     ; -3.166              ;
;  clk_for_generate_num ; -3.398  ; 0.181 ; N/A      ; N/A     ; -3.166              ;
; Design-wide TNS       ; -36.8   ; 0.0   ; 0.0      ; 0.0     ; -56.785             ;
;  clk_for_generate_num ; -36.800 ; 0.000 ; N/A      ; N/A     ; -56.785             ;
+-----------------------+---------+-------+----------+---------+---------------------+


+----------------------------------------------------------------------------------------+
; Clock to Output Times                                                                  ;
+-----------+----------------------+--------+--------+------------+----------------------+
; Data Port ; Clock Port           ; Rise   ; Fall   ; Clock Edge ; Clock Reference      ;
+-----------+----------------------+--------+--------+------------+----------------------+
; OUT       ; clk_for_generate_num ; 16.324 ; 16.684 ; Rise       ; clk_for_generate_num ;
+-----------+----------------------+--------+--------+------------+----------------------+


+--------------------------------------------------------------------------------------+
; Minimum Clock to Output Times                                                        ;
+-----------+----------------------+-------+-------+------------+----------------------+
; Data Port ; Clock Port           ; Rise  ; Fall  ; Clock Edge ; Clock Reference      ;
+-----------+----------------------+-------+-------+------------+----------------------+
; OUT       ; clk_for_generate_num ; 4.583 ; 4.726 ; Rise       ; clk_for_generate_num ;
+-----------+----------------------+-------+-------+------------+----------------------+


+------------------------------------------------------+
; Propagation Delay                                    ;
+------------+-------------+--------+----+----+--------+
; Input Port ; Output Port ; RR     ; RF ; FR ; FF     ;
+------------+-------------+--------+----+----+--------+
; num1[0]    ; OUT         ; 12.020 ;    ;    ; 12.229 ;
; num1[1]    ; OUT         ; 12.599 ;    ;    ; 12.976 ;
; num1[2]    ; OUT         ; 14.913 ;    ;    ; 15.091 ;
; num1[3]    ; OUT         ; 12.570 ;    ;    ; 12.844 ;
; num1[4]    ; OUT         ; 12.731 ;    ;    ; 12.911 ;
; num1[5]    ; OUT         ; 15.375 ;    ;    ; 15.568 ;
; num1[6]    ; OUT         ; 11.956 ;    ;    ; 12.259 ;
; num1[7]    ; OUT         ; 12.097 ;    ;    ; 12.485 ;
; num2[0]    ; OUT         ; 14.536 ;    ;    ; 14.705 ;
; num2[1]    ; OUT         ; 14.557 ;    ;    ; 14.726 ;
; num2[2]    ; OUT         ; 11.896 ;    ;    ; 11.994 ;
; num2[3]    ; OUT         ; 15.495 ;    ;    ; 15.360 ;
; num2[4]    ; OUT         ; 13.515 ;    ;    ; 13.715 ;
; num2[5]    ; OUT         ; 14.011 ;    ;    ; 14.237 ;
; num2[6]    ; OUT         ; 12.014 ;    ;    ; 12.174 ;
; num2[7]    ; OUT         ; 11.992 ;    ;    ; 12.163 ;
; num3[0]    ; OUT         ; 14.910 ;    ;    ; 15.029 ;
; num3[1]    ; OUT         ; 14.751 ;    ;    ; 14.829 ;
; num3[2]    ; OUT         ; 15.183 ;    ;    ; 15.386 ;
; num3[3]    ; OUT         ; 15.793 ;    ;    ; 15.610 ;
; num3[4]    ; OUT         ; 15.845 ;    ;    ; 15.707 ;
; num3[5]    ; OUT         ; 14.199 ;    ;    ; 14.561 ;
; num3[6]    ; OUT         ; 14.422 ;    ;    ; 14.543 ;
; num3[7]    ; OUT         ; 14.905 ;    ;    ; 15.003 ;
; num4[0]    ; OUT         ; 12.505 ;    ;    ; 12.531 ;
; num4[1]    ; OUT         ; 14.564 ;    ;    ; 14.810 ;
; num4[2]    ; OUT         ; 12.108 ;    ;    ; 12.218 ;
; num4[3]    ; OUT         ; 12.701 ;    ;    ; 12.559 ;
; num4[4]    ; OUT         ; 14.011 ;    ;    ; 14.180 ;
; num4[5]    ; OUT         ; 15.725 ;    ;    ; 15.625 ;
; num4[6]    ; OUT         ; 11.876 ;    ;    ; 12.060 ;
; num4[7]    ; OUT         ; 11.938 ;    ;    ; 12.135 ;
; num5[0]    ; OUT         ; 15.370 ;    ;    ; 15.696 ;
; num5[1]    ; OUT         ; 13.111 ;    ;    ; 13.414 ;
; num5[2]    ; OUT         ; 14.765 ;    ;    ; 14.955 ;
; num5[3]    ; OUT         ; 14.076 ;    ;    ; 13.981 ;
; num5[4]    ; OUT         ; 15.814 ;    ;    ; 15.609 ;
; num5[5]    ; OUT         ; 14.004 ;    ;    ; 13.963 ;
; num5[6]    ; OUT         ; 14.964 ;    ;    ; 15.105 ;
; num5[7]    ; OUT         ; 12.391 ;    ;    ; 12.475 ;
; num6[0]    ; OUT         ; 14.276 ;    ;    ; 14.906 ;
; num6[1]    ; OUT         ; 12.560 ;    ;    ; 12.578 ;
; num6[2]    ; OUT         ; 12.426 ;    ;    ; 12.335 ;
; num6[3]    ; OUT         ; 13.708 ;    ;    ; 13.482 ;
; num6[4]    ; OUT         ; 14.610 ;    ;    ; 14.831 ;
; num6[5]    ; OUT         ; 13.243 ;    ;    ; 13.064 ;
; num6[6]    ; OUT         ; 14.984 ;    ;    ; 15.092 ;
; num6[7]    ; OUT         ; 15.462 ;    ;    ; 15.700 ;
; num7[0]    ; OUT         ; 12.590 ;    ;    ; 12.759 ;
; num7[1]    ; OUT         ; 13.257 ;    ;    ; 13.706 ;
; num7[2]    ; OUT         ; 15.064 ;    ;    ; 15.188 ;
; num7[3]    ; OUT         ; 14.479 ;    ;    ; 14.791 ;
; num7[4]    ; OUT         ; 14.363 ;    ;    ; 14.502 ;
; num7[5]    ; OUT         ; 14.606 ;    ;    ; 14.861 ;
; num7[6]    ; OUT         ; 14.843 ;    ;    ; 14.904 ;
; num7[7]    ; OUT         ; 12.676 ;    ;    ; 12.901 ;
; num8[0]    ; OUT         ; 13.738 ;    ;    ; 14.524 ;
; num8[1]    ; OUT         ; 13.456 ;    ;    ; 14.154 ;
; num8[2]    ; OUT         ; 14.754 ;    ;    ; 14.854 ;
; num8[3]    ; OUT         ; 13.141 ;    ;    ; 13.168 ;
; num8[4]    ; OUT         ; 15.932 ;    ;    ; 15.928 ;
; num8[5]    ; OUT         ; 13.416 ;    ;    ; 13.542 ;
; num8[6]    ; OUT         ; 12.258 ;    ;    ; 12.387 ;
; num8[7]    ; OUT         ; 12.752 ;    ;    ; 13.118 ;
+------------+-------------+--------+----+----+--------+


+----------------------------------------------------+
; Minimum Propagation Delay                          ;
+------------+-------------+-------+----+----+-------+
; Input Port ; Output Port ; RR    ; RF ; FR ; FF    ;
+------------+-------------+-------+----+----+-------+
; num1[0]    ; OUT         ; 4.081 ;    ;    ; 4.603 ;
; num1[1]    ; OUT         ; 4.336 ;    ;    ; 4.903 ;
; num1[2]    ; OUT         ; 4.341 ;    ;    ; 4.885 ;
; num1[3]    ; OUT         ; 4.264 ;    ;    ; 4.765 ;
; num1[4]    ; OUT         ; 4.335 ;    ;    ; 4.852 ;
; num1[5]    ; OUT         ; 4.578 ;    ;    ; 5.094 ;
; num1[6]    ; OUT         ; 4.135 ;    ;    ; 4.759 ;
; num1[7]    ; OUT         ; 4.109 ;    ;    ; 4.728 ;
; num2[0]    ; OUT         ; 4.327 ;    ;    ; 4.829 ;
; num2[1]    ; OUT         ; 4.383 ;    ;    ; 4.891 ;
; num2[2]    ; OUT         ; 4.104 ;    ;    ; 4.623 ;
; num2[3]    ; OUT         ; 4.642 ;    ;    ; 5.038 ;
; num2[4]    ; OUT         ; 4.878 ;    ;    ; 5.423 ;
; num2[5]    ; OUT         ; 5.039 ;    ;    ; 5.631 ;
; num2[6]    ; OUT         ; 4.169 ;    ;    ; 4.722 ;
; num2[7]    ; OUT         ; 4.042 ;    ;    ; 4.561 ;
; num3[0]    ; OUT         ; 4.332 ;    ;    ; 4.882 ;
; num3[1]    ; OUT         ; 4.345 ;    ;    ; 4.862 ;
; num3[2]    ; OUT         ; 4.439 ;    ;    ; 4.991 ;
; num3[3]    ; OUT         ; 4.759 ;    ;    ; 5.159 ;
; num3[4]    ; OUT         ; 4.708 ;    ;    ; 5.150 ;
; num3[5]    ; OUT         ; 5.079 ;    ;    ; 5.678 ;
; num3[6]    ; OUT         ; 4.298 ;    ;    ; 4.843 ;
; num3[7]    ; OUT         ; 4.375 ;    ;    ; 4.920 ;
; num4[0]    ; OUT         ; 4.238 ;    ;    ; 4.855 ;
; num4[1]    ; OUT         ; 4.329 ;    ;    ; 4.871 ;
; num4[2]    ; OUT         ; 4.161 ;    ;    ; 4.753 ;
; num4[3]    ; OUT         ; 4.353 ;    ;    ; 4.743 ;
; num4[4]    ; OUT         ; 5.040 ;    ;    ; 5.633 ;
; num4[5]    ; OUT         ; 4.740 ;    ;    ; 5.190 ;
; num4[6]    ; OUT         ; 4.001 ;    ;    ; 4.524 ;
; num4[7]    ; OUT         ; 4.148 ;    ;    ; 4.710 ;
; num5[0]    ; OUT         ; 4.568 ;    ;    ; 5.099 ;
; num5[1]    ; OUT         ; 4.464 ;    ;    ; 5.116 ;
; num5[2]    ; OUT         ; 4.347 ;    ;    ; 4.824 ;
; num5[3]    ; OUT         ; 4.835 ;    ;    ; 5.297 ;
; num5[4]    ; OUT         ; 4.765 ;    ;    ; 5.133 ;
; num5[5]    ; OUT         ; 4.780 ;    ;    ; 5.240 ;
; num5[6]    ; OUT         ; 4.429 ;    ;    ; 4.989 ;
; num5[7]    ; OUT         ; 4.149 ;    ;    ; 4.659 ;
; num6[0]    ; OUT         ; 5.087 ;    ;    ; 5.909 ;
; num6[1]    ; OUT         ; 4.269 ;    ;    ; 4.737 ;
; num6[2]    ; OUT         ; 4.180 ;    ;    ; 4.649 ;
; num6[3]    ; OUT         ; 4.643 ;    ;    ; 5.078 ;
; num6[4]    ; OUT         ; 5.141 ;    ;    ; 5.713 ;
; num6[5]    ; OUT         ; 4.572 ;    ;    ; 4.973 ;
; num6[6]    ; OUT         ; 4.416 ;    ;    ; 4.953 ;
; num6[7]    ; OUT         ; 4.578 ;    ;    ; 5.170 ;
; num7[0]    ; OUT         ; 4.284 ;    ;    ; 4.801 ;
; num7[1]    ; OUT         ; 4.639 ;    ;    ; 5.350 ;
; num7[2]    ; OUT         ; 4.452 ;    ;    ; 4.964 ;
; num7[3]    ; OUT         ; 5.114 ;    ;    ; 5.709 ;
; num7[4]    ; OUT         ; 5.056 ;    ;    ; 5.654 ;
; num7[5]    ; OUT         ; 5.177 ;    ;    ; 5.817 ;
; num7[6]    ; OUT         ; 4.354 ;    ;    ; 4.886 ;
; num7[7]    ; OUT         ; 4.318 ;    ;    ; 4.852 ;
; num8[0]    ; OUT         ; 4.942 ;    ;    ; 5.701 ;
; num8[1]    ; OUT         ; 4.742 ;    ;    ; 5.468 ;
; num8[2]    ; OUT         ; 4.359 ;    ;    ; 4.875 ;
; num8[3]    ; OUT         ; 4.572 ;    ;    ; 4.974 ;
; num8[4]    ; OUT         ; 4.779 ;    ;    ; 5.204 ;
; num8[5]    ; OUT         ; 4.624 ;    ;    ; 5.041 ;
; num8[6]    ; OUT         ; 4.167 ;    ;    ; 4.688 ;
; num8[7]    ; OUT         ; 4.343 ;    ;    ; 4.893 ;
+------------+-------------+-------+----+----+-------+


+--------------------------------------------------------------------------------------------------------------------------------------------------------------------------------------------------------------------------------------------------------------------------------------------------------------------------------------------------------------------------------------------------------+
; Board Trace Model Assignments                                                                                                                                                                                                                                                                                                                                                                          ;
+-----+--------------+-------------------+-------------------------+-------------------------+---------------+---------------------+----------------+------------------+--------+------------------+------------------------+------------------------+--------------+---------------+-----------------+-------+---------------------+--------------------+---------------+-----------------+-------------+
; Pin ; I/O Standard ; Near Tline Length ; Near Tline L per Length ; Near Tline C per Length ; Near Series R ; Near Differential R ; Near Pull-up R ; Near Pull-down R ; Near C ; Far Tline Length ; Far Tline L per Length ; Far Tline C per Length ; Far Series R ; Far Pull-up R ; Far Pull-down R ; Far C ; Termination Voltage ; Far Differential R ; EBD File Name ; EBD Signal Name ; EBD Far-end ;
+-----+--------------+-------------------+-------------------------+-------------------------+---------------+---------------------+----------------+------------------+--------+------------------+------------------------+------------------------+--------------+---------------+-----------------+-------+---------------------+--------------------+---------------+-----------------+-------------+
; OUT ; 2.5 V        ; 0 in              ; 0 H/in                  ; 0 F/in                  ; short         ; -                   ; open           ; open             ; open   ; 0 in             ; 0 H/in                 ; 0 F/in                 ; short        ; open          ; open            ; open  ; 0 V                 ; -                  ; n/a           ; n/a             ; n/a         ;
+-----+--------------+-------------------+-------------------------+-------------------------+---------------+---------------------+----------------+------------------+--------+------------------+------------------------+------------------------+--------------+---------------+-----------------+-------+---------------------+--------------------+---------------+-----------------+-------------+


+-------------------------------------------------------------------------+
; Input Transition Times                                                  ;
+----------------------+--------------+-----------------+-----------------+
; Pin                  ; I/O Standard ; 10-90 Rise Time ; 90-10 Fall Time ;
+----------------------+--------------+-----------------+-----------------+
; num1[0]              ; 2.5 V        ; 2000 ps         ; 2000 ps         ;
; num1[2]              ; 2.5 V        ; 2000 ps         ; 2000 ps         ;
; num1[1]              ; 2.5 V        ; 2000 ps         ; 2000 ps         ;
; num1[3]              ; 2.5 V        ; 2000 ps         ; 2000 ps         ;
; num1[5]              ; 2.5 V        ; 2000 ps         ; 2000 ps         ;
; num1[4]              ; 2.5 V        ; 2000 ps         ; 2000 ps         ;
; num1[6]              ; 2.5 V        ; 2000 ps         ; 2000 ps         ;
; num1[7]              ; 2.5 V        ; 2000 ps         ; 2000 ps         ;
; num3[0]              ; 2.5 V        ; 2000 ps         ; 2000 ps         ;
; num3[2]              ; 2.5 V        ; 2000 ps         ; 2000 ps         ;
; num3[1]              ; 2.5 V        ; 2000 ps         ; 2000 ps         ;
; num3[3]              ; 2.5 V        ; 2000 ps         ; 2000 ps         ;
; num3[5]              ; 2.5 V        ; 2000 ps         ; 2000 ps         ;
; num3[4]              ; 2.5 V        ; 2000 ps         ; 2000 ps         ;
; num3[6]              ; 2.5 V        ; 2000 ps         ; 2000 ps         ;
; num3[7]              ; 2.5 V        ; 2000 ps         ; 2000 ps         ;
; num2[0]              ; 2.5 V        ; 2000 ps         ; 2000 ps         ;
; num2[2]              ; 2.5 V        ; 2000 ps         ; 2000 ps         ;
; num2[1]              ; 2.5 V        ; 2000 ps         ; 2000 ps         ;
; num2[3]              ; 2.5 V        ; 2000 ps         ; 2000 ps         ;
; num2[5]              ; 2.5 V        ; 2000 ps         ; 2000 ps         ;
; num2[4]              ; 2.5 V        ; 2000 ps         ; 2000 ps         ;
; num2[6]              ; 2.5 V        ; 2000 ps         ; 2000 ps         ;
; num2[7]              ; 2.5 V        ; 2000 ps         ; 2000 ps         ;
; num4[0]              ; 2.5 V        ; 2000 ps         ; 2000 ps         ;
; num4[2]              ; 2.5 V        ; 2000 ps         ; 2000 ps         ;
; num4[1]              ; 2.5 V        ; 2000 ps         ; 2000 ps         ;
; num4[3]              ; 2.5 V        ; 2000 ps         ; 2000 ps         ;
; num4[5]              ; 2.5 V        ; 2000 ps         ; 2000 ps         ;
; num4[4]              ; 2.5 V        ; 2000 ps         ; 2000 ps         ;
; num4[6]              ; 2.5 V        ; 2000 ps         ; 2000 ps         ;
; num4[7]              ; 2.5 V        ; 2000 ps         ; 2000 ps         ;
; num7[0]              ; 2.5 V        ; 2000 ps         ; 2000 ps         ;
; num7[2]              ; 2.5 V        ; 2000 ps         ; 2000 ps         ;
; num7[1]              ; 2.5 V        ; 2000 ps         ; 2000 ps         ;
; num7[3]              ; 2.5 V        ; 2000 ps         ; 2000 ps         ;
; num7[5]              ; 2.5 V        ; 2000 ps         ; 2000 ps         ;
; num7[4]              ; 2.5 V        ; 2000 ps         ; 2000 ps         ;
; num7[6]              ; 2.5 V        ; 2000 ps         ; 2000 ps         ;
; num7[7]              ; 2.5 V        ; 2000 ps         ; 2000 ps         ;
; num6[0]              ; 2.5 V        ; 2000 ps         ; 2000 ps         ;
; num6[2]              ; 2.5 V        ; 2000 ps         ; 2000 ps         ;
; num6[1]              ; 2.5 V        ; 2000 ps         ; 2000 ps         ;
; num6[3]              ; 2.5 V        ; 2000 ps         ; 2000 ps         ;
; num6[5]              ; 2.5 V        ; 2000 ps         ; 2000 ps         ;
; num6[4]              ; 2.5 V        ; 2000 ps         ; 2000 ps         ;
; num6[6]              ; 2.5 V        ; 2000 ps         ; 2000 ps         ;
; num6[7]              ; 2.5 V        ; 2000 ps         ; 2000 ps         ;
; num8[0]              ; 2.5 V        ; 2000 ps         ; 2000 ps         ;
; num8[2]              ; 2.5 V        ; 2000 ps         ; 2000 ps         ;
; num8[1]              ; 2.5 V        ; 2000 ps         ; 2000 ps         ;
; num8[3]              ; 2.5 V        ; 2000 ps         ; 2000 ps         ;
; num8[5]              ; 2.5 V        ; 2000 ps         ; 2000 ps         ;
; num8[4]              ; 2.5 V        ; 2000 ps         ; 2000 ps         ;
; num8[6]              ; 2.5 V        ; 2000 ps         ; 2000 ps         ;
; num8[7]              ; 2.5 V        ; 2000 ps         ; 2000 ps         ;
; num5[0]              ; 2.5 V        ; 2000 ps         ; 2000 ps         ;
; num5[2]              ; 2.5 V        ; 2000 ps         ; 2000 ps         ;
; num5[1]              ; 2.5 V        ; 2000 ps         ; 2000 ps         ;
; num5[3]              ; 2.5 V        ; 2000 ps         ; 2000 ps         ;
; num5[5]              ; 2.5 V        ; 2000 ps         ; 2000 ps         ;
; num5[4]              ; 2.5 V        ; 2000 ps         ; 2000 ps         ;
; num5[6]              ; 2.5 V        ; 2000 ps         ; 2000 ps         ;
; num5[7]              ; 2.5 V        ; 2000 ps         ; 2000 ps         ;
; clk_for_generate_num ; 2.5 V        ; 2000 ps         ; 2000 ps         ;
+----------------------+--------------+-----------------+-----------------+


+----------------------------------------------------------------------------------------------------------------------------------------------------------------------------------------------------------------------------------------------------------------------------------------------------------------------------------------------------------------------------------------------------------------------------------------------------------------------------------------------------------------------------------------------------------------------------------------------------------------------------------------------------------------------------------+
; Signal Integrity Metrics (Slow 1100mv 0c Model)                                                                                                                                                                                                                                                                                                                                                                                                                                                                                                                                                                                                                                  ;
+-----+--------------+---------------------+---------------------+------------------------------+------------------------------+---------------------+---------------------+--------------------------------------+--------------------------------------+-----------------------------+-----------------------------+----------------------------+----------------------------+-----------------------------+-----------------------------+--------------------+--------------------+-------------------------------------+-------------------------------------+----------------------------+----------------------------+---------------------------+---------------------------+
; Pin ; I/O Standard ; Board Delay on Rise ; Board Delay on Fall ; Steady State Voh at FPGA Pin ; Steady State Vol at FPGA Pin ; Voh Max at FPGA Pin ; Vol Min at FPGA Pin ; Ringback Voltage on Rise at FPGA Pin ; Ringback Voltage on Fall at FPGA Pin ; 10-90 Rise Time at FPGA Pin ; 90-10 Fall Time at FPGA Pin ; Monotonic Rise at FPGA Pin ; Monotonic Fall at FPGA Pin ; Steady State Voh at Far-end ; Steady State Vol at Far-end ; Voh Max at Far-end ; Vol Min at Far-end ; Ringback Voltage on Rise at Far-end ; Ringback Voltage on Fall at Far-end ; 10-90 Rise Time at Far-end ; 90-10 Fall Time at Far-end ; Monotonic Rise at Far-end ; Monotonic Fall at Far-end ;
+-----+--------------+---------------------+---------------------+------------------------------+------------------------------+---------------------+---------------------+--------------------------------------+--------------------------------------+-----------------------------+-----------------------------+----------------------------+----------------------------+-----------------------------+-----------------------------+--------------------+--------------------+-------------------------------------+-------------------------------------+----------------------------+----------------------------+---------------------------+---------------------------+
; OUT ; 2.5 V        ; 0 s                 ; 0 s                 ; 2.32 V                       ; 6.72e-08 V                   ; 2.4 V               ; -0.041 V            ; 0.19 V                               ; 0.126 V                              ; 4.59e-10 s                  ; 4.54e-10 s                  ; No                         ; Yes                        ; 2.32 V                      ; 6.72e-08 V                  ; 2.4 V              ; -0.041 V           ; 0.19 V                              ; 0.126 V                             ; 4.59e-10 s                 ; 4.54e-10 s                 ; No                        ; Yes                       ;
+-----+--------------+---------------------+---------------------+------------------------------+------------------------------+---------------------+---------------------+--------------------------------------+--------------------------------------+-----------------------------+-----------------------------+----------------------------+----------------------------+-----------------------------+-----------------------------+--------------------+--------------------+-------------------------------------+-------------------------------------+----------------------------+----------------------------+---------------------------+---------------------------+


+----------------------------------------------------------------------------------------------------------------------------------------------------------------------------------------------------------------------------------------------------------------------------------------------------------------------------------------------------------------------------------------------------------------------------------------------------------------------------------------------------------------------------------------------------------------------------------------------------------------------------------------------------------------------------------+
; Signal Integrity Metrics (Slow 1100mv 85c Model)                                                                                                                                                                                                                                                                                                                                                                                                                                                                                                                                                                                                                                 ;
+-----+--------------+---------------------+---------------------+------------------------------+------------------------------+---------------------+---------------------+--------------------------------------+--------------------------------------+-----------------------------+-----------------------------+----------------------------+----------------------------+-----------------------------+-----------------------------+--------------------+--------------------+-------------------------------------+-------------------------------------+----------------------------+----------------------------+---------------------------+---------------------------+
; Pin ; I/O Standard ; Board Delay on Rise ; Board Delay on Fall ; Steady State Voh at FPGA Pin ; Steady State Vol at FPGA Pin ; Voh Max at FPGA Pin ; Vol Min at FPGA Pin ; Ringback Voltage on Rise at FPGA Pin ; Ringback Voltage on Fall at FPGA Pin ; 10-90 Rise Time at FPGA Pin ; 90-10 Fall Time at FPGA Pin ; Monotonic Rise at FPGA Pin ; Monotonic Fall at FPGA Pin ; Steady State Voh at Far-end ; Steady State Vol at Far-end ; Voh Max at Far-end ; Vol Min at Far-end ; Ringback Voltage on Rise at Far-end ; Ringback Voltage on Fall at Far-end ; 10-90 Rise Time at Far-end ; 90-10 Fall Time at Far-end ; Monotonic Rise at Far-end ; Monotonic Fall at Far-end ;
+-----+--------------+---------------------+---------------------+------------------------------+------------------------------+---------------------+---------------------+--------------------------------------+--------------------------------------+-----------------------------+-----------------------------+----------------------------+----------------------------+-----------------------------+-----------------------------+--------------------+--------------------+-------------------------------------+-------------------------------------+----------------------------+----------------------------+---------------------------+---------------------------+
; OUT ; 2.5 V        ; 0 s                 ; 0 s                 ; 2.32 V                       ; 1.04e-05 V                   ; 2.38 V              ; -0.0273 V           ; 0.226 V                              ; 0.08 V                               ; 4.84e-10 s                  ; 5.19e-10 s                  ; No                         ; Yes                        ; 2.32 V                      ; 1.04e-05 V                  ; 2.38 V             ; -0.0273 V          ; 0.226 V                             ; 0.08 V                              ; 4.84e-10 s                 ; 5.19e-10 s                 ; No                        ; Yes                       ;
+-----+--------------+---------------------+---------------------+------------------------------+------------------------------+---------------------+---------------------+--------------------------------------+--------------------------------------+-----------------------------+-----------------------------+----------------------------+----------------------------+-----------------------------+-----------------------------+--------------------+--------------------+-------------------------------------+-------------------------------------+----------------------------+----------------------------+---------------------------+---------------------------+


+----------------------------------------------------------------------------------------------------------------------------------------------------------------------------------------------------------------------------------------------------------------------------------------------------------------------------------------------------------------------------------------------------------------------------------------------------------------------------------------------------------------------------------------------------------------------------------------------------------------------------------------------------------------------------------+
; Signal Integrity Metrics (Fast 1100mv 0c Model)                                                                                                                                                                                                                                                                                                                                                                                                                                                                                                                                                                                                                                  ;
+-----+--------------+---------------------+---------------------+------------------------------+------------------------------+---------------------+---------------------+--------------------------------------+--------------------------------------+-----------------------------+-----------------------------+----------------------------+----------------------------+-----------------------------+-----------------------------+--------------------+--------------------+-------------------------------------+-------------------------------------+----------------------------+----------------------------+---------------------------+---------------------------+
; Pin ; I/O Standard ; Board Delay on Rise ; Board Delay on Fall ; Steady State Voh at FPGA Pin ; Steady State Vol at FPGA Pin ; Voh Max at FPGA Pin ; Vol Min at FPGA Pin ; Ringback Voltage on Rise at FPGA Pin ; Ringback Voltage on Fall at FPGA Pin ; 10-90 Rise Time at FPGA Pin ; 90-10 Fall Time at FPGA Pin ; Monotonic Rise at FPGA Pin ; Monotonic Fall at FPGA Pin ; Steady State Voh at Far-end ; Steady State Vol at Far-end ; Voh Max at Far-end ; Vol Min at Far-end ; Ringback Voltage on Rise at Far-end ; Ringback Voltage on Fall at Far-end ; 10-90 Rise Time at Far-end ; 90-10 Fall Time at Far-end ; Monotonic Rise at Far-end ; Monotonic Fall at Far-end ;
+-----+--------------+---------------------+---------------------+------------------------------+------------------------------+---------------------+---------------------+--------------------------------------+--------------------------------------+-----------------------------+-----------------------------+----------------------------+----------------------------+-----------------------------+-----------------------------+--------------------+--------------------+-------------------------------------+-------------------------------------+----------------------------+----------------------------+---------------------------+---------------------------+
; OUT ; 2.5 V        ; 0 s                 ; 0 s                 ; 2.75 V                       ; 4.14e-06 V                   ; 2.91 V              ; -0.119 V            ; 0.326 V                              ; 0.298 V                              ; 2.74e-10 s                  ; 2.8e-10 s                   ; No                         ; No                         ; 2.75 V                      ; 4.14e-06 V                  ; 2.91 V             ; -0.119 V           ; 0.326 V                             ; 0.298 V                             ; 2.74e-10 s                 ; 2.8e-10 s                  ; No                        ; No                        ;
+-----+--------------+---------------------+---------------------+------------------------------+------------------------------+---------------------+---------------------+--------------------------------------+--------------------------------------+-----------------------------+-----------------------------+----------------------------+----------------------------+-----------------------------+-----------------------------+--------------------+--------------------+-------------------------------------+-------------------------------------+----------------------------+----------------------------+---------------------------+---------------------------+


+----------------------------------------------------------------------------------------------------------------------------------------------------------------------------------------------------------------------------------------------------------------------------------------------------------------------------------------------------------------------------------------------------------------------------------------------------------------------------------------------------------------------------------------------------------------------------------------------------------------------------------------------------------------------------------+
; Signal Integrity Metrics (Fast 1100mv 85c Model)                                                                                                                                                                                                                                                                                                                                                                                                                                                                                                                                                                                                                                 ;
+-----+--------------+---------------------+---------------------+------------------------------+------------------------------+---------------------+---------------------+--------------------------------------+--------------------------------------+-----------------------------+-----------------------------+----------------------------+----------------------------+-----------------------------+-----------------------------+--------------------+--------------------+-------------------------------------+-------------------------------------+----------------------------+----------------------------+---------------------------+---------------------------+
; Pin ; I/O Standard ; Board Delay on Rise ; Board Delay on Fall ; Steady State Voh at FPGA Pin ; Steady State Vol at FPGA Pin ; Voh Max at FPGA Pin ; Vol Min at FPGA Pin ; Ringback Voltage on Rise at FPGA Pin ; Ringback Voltage on Fall at FPGA Pin ; 10-90 Rise Time at FPGA Pin ; 90-10 Fall Time at FPGA Pin ; Monotonic Rise at FPGA Pin ; Monotonic Fall at FPGA Pin ; Steady State Voh at Far-end ; Steady State Vol at Far-end ; Voh Max at Far-end ; Vol Min at Far-end ; Ringback Voltage on Rise at Far-end ; Ringback Voltage on Fall at Far-end ; 10-90 Rise Time at Far-end ; 90-10 Fall Time at Far-end ; Monotonic Rise at Far-end ; Monotonic Fall at Far-end ;
+-----+--------------+---------------------+---------------------+------------------------------+------------------------------+---------------------+---------------------+--------------------------------------+--------------------------------------+-----------------------------+-----------------------------+----------------------------+----------------------------+-----------------------------+-----------------------------+--------------------+--------------------+-------------------------------------+-------------------------------------+----------------------------+----------------------------+---------------------------+---------------------------+
; OUT ; 2.5 V        ; 0 s                 ; 0 s                 ; 2.75 V                       ; 0.000242 V                   ; 2.86 V              ; -0.0805 V           ; 0.358 V                              ; 0.156 V                              ; 3.01e-10 s                  ; 4.34e-10 s                  ; No                         ; No                         ; 2.75 V                      ; 0.000242 V                  ; 2.86 V             ; -0.0805 V          ; 0.358 V                             ; 0.156 V                             ; 3.01e-10 s                 ; 4.34e-10 s                 ; No                        ; No                        ;
+-----+--------------+---------------------+---------------------+------------------------------+------------------------------+---------------------+---------------------+--------------------------------------+--------------------------------------+-----------------------------+-----------------------------+----------------------------+----------------------------+-----------------------------+-----------------------------+--------------------+--------------------+-------------------------------------+-------------------------------------+----------------------------+----------------------------+---------------------------+---------------------------+


+-----------------------------------------------------------------------------------------+
; Setup Transfers                                                                         ;
+----------------------+----------------------+----------+----------+----------+----------+
; From Clock           ; To Clock             ; RR Paths ; FR Paths ; RF Paths ; FF Paths ;
+----------------------+----------------------+----------+----------+----------+----------+
; clk_for_generate_num ; clk_for_generate_num ; 80       ; 0        ; 0        ; 0        ;
+----------------------+----------------------+----------+----------+----------+----------+
Entries labeled "false path" only account for clock-to-clock false paths and not path-based false paths. As a result, actual path counts may be lower than reported.


+-----------------------------------------------------------------------------------------+
; Hold Transfers                                                                          ;
+----------------------+----------------------+----------+----------+----------+----------+
; From Clock           ; To Clock             ; RR Paths ; FR Paths ; RF Paths ; FF Paths ;
+----------------------+----------------------+----------+----------+----------+----------+
; clk_for_generate_num ; clk_for_generate_num ; 80       ; 0        ; 0        ; 0        ;
+----------------------+----------------------+----------+----------+----------+----------+
Entries labeled "false path" only account for clock-to-clock false paths and not path-based false paths. As a result, actual path counts may be lower than reported.


---------------
; Report TCCS ;
---------------
No dedicated SERDES Transmitter circuitry present in device or used in design


---------------
; Report RSKM ;
---------------
No non-DPA dedicated SERDES Receiver circuitry present in device or used in design


+------------------------------------------------+
; Unconstrained Paths                            ;
+---------------------------------+-------+------+
; Property                        ; Setup ; Hold ;
+---------------------------------+-------+------+
; Illegal Clocks                  ; 0     ; 0    ;
; Unconstrained Clocks            ; 0     ; 0    ;
; Unconstrained Input Ports       ; 64    ; 64   ;
; Unconstrained Input Port Paths  ; 64    ; 64   ;
; Unconstrained Output Ports      ; 1     ; 1    ;
; Unconstrained Output Port Paths ; 72    ; 72   ;
+---------------------------------+-------+------+


+------------------------------------+
; TimeQuest Timing Analyzer Messages ;
+------------------------------------+
Info: *******************************************************************
Info: Running Quartus II 64-Bit TimeQuest Timing Analyzer
    Info: Version 13.1.0 Build 162 10/23/2013 SJ Web Edition
    Info: Processing started: Mon Jun 01 18:58:07 2020
Info: Command: quartus_sta bus_compare_to_register -c bus_compare_to_register
Info: qsta_default_script.tcl version: #1
Info (20030): Parallel compilation is enabled and will use 4 of the 4 processors detected
Info (21076): High junction temperature operating condition is not set. Assuming a default value of '85'.
Info (21076): Low junction temperature operating condition is not set. Assuming a default value of '0'.
Critical Warning (332012): Synopsys Design Constraints File file not found: 'bus_compare_to_register.sdc'. A Synopsys Design Constraints File is required by the TimeQuest Timing Analyzer to get proper timing constraints. Without it, the Compiler will not properly optimize the design.
Info (332142): No user constrained base clocks found in the design. Calling "derive_clocks -period 1.0"
Info (332105): Deriving Clocks
    Info (332105): create_clock -period 1.000 -name clk_for_generate_num clk_for_generate_num
Info (332143): No user constrained clock uncertainty found in the design. Calling "derive_clock_uncertainty"
Info (332123): Deriving Clock Uncertainty. Please refer to report_sdc in TimeQuest to see clock uncertainties.
Info: Found TIMEQUEST_REPORT_SCRIPT_INCLUDE_DEFAULT_ANALYSIS = ON
Info: Analyzing Slow 1100mV 85C Model
Critical Warning (332148): Timing requirements not met
    Info (11105): For recommendations on closing timing, run Report Timing Closure Recommendations in the TimeQuest Timing Analyzer.
Info (332146): Worst-case setup slack is -3.214
    Info (332119):     Slack       End Point TNS Clock 
    Info (332119): ========= =================== =====================
    Info (332119):    -3.214             -35.401 clk_for_generate_num 
Info (332146): Worst-case hold slack is 0.560
    Info (332119):     Slack       End Point TNS Clock 
    Info (332119): ========= =================== =====================
    Info (332119):     0.560               0.000 clk_for_generate_num 
Info (332140): No Recovery paths to report
Info (332140): No Removal paths to report
Info (332146): Worst-case minimum pulse width slack is -3.166
    Info (332119):     Slack       End Point TNS Clock 
    Info (332119): ========= =================== =====================
    Info (332119):    -3.166             -56.785 clk_for_generate_num 
Info: Analyzing Slow 1100mV 0C Model
Info (334003): Started post-fitting delay annotation
Info (334004): Delay annotation completed successfully
Info (332123): Deriving Clock Uncertainty. Please refer to report_sdc in TimeQuest to see clock uncertainties.
Critical Warning (332148): Timing requirements not met
    Info (11105): For recommendations on closing timing, run Report Timing Closure Recommendations in the TimeQuest Timing Analyzer.
Info (332146): Worst-case setup slack is -3.398
    Info (332119):     Slack       End Point TNS Clock 
    Info (332119): ========= =================== =====================
    Info (332119):    -3.398             -36.800 clk_for_generate_num 
Info (332146): Worst-case hold slack is 0.596
    Info (332119):     Slack       End Point TNS Clock 
    Info (332119): ========= =================== =====================
    Info (332119):     0.596               0.000 clk_for_generate_num 
Info (332140): No Recovery paths to report
Info (332140): No Removal paths to report
Info (332146): Worst-case minimum pulse width slack is -3.166
    Info (332119):     Slack       End Point TNS Clock 
    Info (332119): ========= =================== =====================
    Info (332119):    -3.166             -56.719 clk_for_generate_num 
Info: Analyzing Fast 1100mV 85C Model
Info (334003): Started post-fitting delay annotation
Info (334004): Delay annotation completed successfully
Info (332123): Deriving Clock Uncertainty. Please refer to report_sdc in TimeQuest to see clock uncertainties.
Critical Warning (332148): Timing requirements not met
    Info (11105): For recommendations on closing timing, run Report Timing Closure Recommendations in the TimeQuest Timing Analyzer.
Info (332146): Worst-case setup slack is -0.993
    Info (332119):     Slack       End Point TNS Clock 
    Info (332119): ========= =================== =====================
    Info (332119):    -0.993              -8.994 clk_for_generate_num 
Info (332146): Worst-case hold slack is 0.190
    Info (332119):     Slack       End Point TNS Clock 
    Info (332119): ========= =================== =====================
    Info (332119):     0.190               0.000 clk_for_generate_num 
Info (332140): No Recovery paths to report
Info (332140): No Removal paths to report
Info (332146): Worst-case minimum pulse width slack is -2.174
    Info (332119):     Slack       End Point TNS Clock 
    Info (332119): ========= =================== =====================
    Info (332119):    -2.174             -31.540 clk_for_generate_num 
Info: Analyzing Fast 1100mV 0C Model
Info (332123): Deriving Clock Uncertainty. Please refer to report_sdc in TimeQuest to see clock uncertainties.
Critical Warning (332148): Timing requirements not met
    Info (11105): For recommendations on closing timing, run Report Timing Closure Recommendations in the TimeQuest Timing Analyzer.
Info (332146): Worst-case setup slack is -0.943
    Info (332119):     Slack       End Point TNS Clock 
    Info (332119): ========= =================== =====================
    Info (332119):    -0.943              -8.558 clk_for_generate_num 
Info (332146): Worst-case hold slack is 0.181
    Info (332119):     Slack       End Point TNS Clock 
    Info (332119): ========= =================== =====================
    Info (332119):     0.181               0.000 clk_for_generate_num 
Info (332140): No Recovery paths to report
Info (332140): No Removal paths to report
Info (332146): Worst-case minimum pulse width slack is -2.174
    Info (332119):     Slack       End Point TNS Clock 
    Info (332119): ========= =================== =====================
    Info (332119):    -2.174             -31.575 clk_for_generate_num 
Info (332102): Design is not fully constrained for setup requirements
Info (332102): Design is not fully constrained for hold requirements
Info: Quartus II 64-Bit TimeQuest Timing Analyzer was successful. 0 errors, 5 warnings
    Info: Peak virtual memory: 955 megabytes
    Info: Processing ended: Mon Jun 01 18:58:14 2020
    Info: Elapsed time: 00:00:07
    Info: Total CPU time (on all processors): 00:00:07


